-- -*- M2-comint -*- hash: 99060314

i1 : G = digraph{{5,2},{5,0},{4,0},{4,1},{2,3},{3,1}}

o1 = Digraph{0 => {}    }
             1 => {}
             2 => {3}
             3 => {1}
             4 => {0, 1}
             5 => {2, 0}

o1 : Digraph

i2 : topologicalSort G

o2 = {5, 4, 2, 0, 3, 1}

o2 : List

i3 : topologicalSort(G,"min")

o3 = {4, 5, 0, 2, 3, 1}

o3 : List

i4 : topologicalSort(G,"max")

o4 = {5, 4, 2, 3, 1, 0}

o4 : List

i5 : topologicalSort(G,"random")

o5 = {5, 2, 4, 3, 0, 1}

o5 : List

i6 : topologicalSort(G,"degree")

o6 = {4, 5, 0, 2, 3, 1}

o6 : List

i7 : 
