-- -*- M2-comint -*- hash: 1952821278

i1 : K = ZZ/33331; V = PP_K^(2,2);

o2 : ProjectiveVariety, surface in PP^5

i3 : X = specialCubicFourfold V;

o3 : ProjectiveVariety, cubic fourfold containing a surface of degree 4 and sectional genus 0

i4 : time parameterCount(X,Verbose=>true)
S: Veronese surface in PP^5
X: smooth cubic hypersurface in PP^5
(assumption: h^1(N_{S,P^5}) = 0)
h^0(N_{S,P^5}) = 27
h^1(O_S(3)) = 0, and h^0(I_{S,P^5}(3)) = 28 = h^0(O_(P^5)(3)) - \chi(O_S(3));
in particular, h^0(I_{S,P^5}(3)) is minimal
h^0(N_{S,P^5}) + 27 = 54
h^0(N_{S,X}) = 0
dim{[X] : S ⊂ X} >= 54
dim P(H^0(O_(P^5)(3))) = 55
codim{[X] : S ⊂ X} <= 1
     -- used 0.48197 seconds

o4 = (1, (28, 27, 0))

o4 : Sequence

i5 : discriminant X

o5 = 20

i6 : 
