-- -*- M2-comint -*- hash: 651924204

i1 : E=QQ[e_1..e_4,SkewCommutative=>true]

o1 = E

o1 : PolynomialRing, 4 skew commutative variables

i2 : F=E^{0,0}

      2
o2 = E

o2 : E-module, free

i3 : I_1=ideal(e_1*e_2,e_1*e_3,e_2*e_3)

o3 = ideal (e e , e e , e e )
             1 2   1 3   2 3

o3 : Ideal of E

i4 : I_2=ideal(e_1*e_2,e_1*e_3)

o4 = ideal (e e , e e )
             1 2   1 3

o4 : Ideal of E

i5 : M=createModule({I_1,I_2},F)

o5 = image | e_2e_3 e_1e_3 e_1e_2 0      0      |
           | 0      0      0      e_1e_3 e_1e_2 |

                             2
o5 : E-module, submodule of E

i6 : bassNumbers M

            0 1  2  3  4  5
o6 = total: 2 5 12 22 35 51
         0: 2 1  1  1  1  1
         1: . 4 11 21 34 50

o6 : BettiTally

i7 : 
