-- -*- M2-comint -*- hash: -64465673

i1 : E = tangentBundle(pp1ProductFan 2,"Type" => "Kaneyama")

o1 = {dimension of the variety => 2 }
      number of affine charts => 4
      rank of the vector bundle => 2

o1 : ToricVectorBundleKaneyama

i2 : details E

o2 = (HashTable{0 => (| 1 0 |, | -1 0  |)}, HashTable{(0, 1) => | 1 0  |})
                      | 0 1 |  | 0  -1 |                        | 0 -1 |
                1 => (| 1 0  |, | -1 0 |)             (0, 2) => | -1 0 |
                      | 0 -1 |  | 0  1 |                        | 0  1 |
                2 => (| -1 0 |, | 1 0  |)             (1, 3) => | -1 0 |
                      | 0  1 |  | 0 -1 |                        | 0  1 |
                3 => (| -1 0  |, | 1 0 |)             (2, 3) => | 1 0  |
                      | 0  -1 |  | 0 1 |                        | 0 -1 |

o2 : Sequence

i3 : E = tangentBundle pp1ProductFan 2

o3 = {dimension of the variety => 2 }
      number of affine charts => 4
      number of rays => 4
      rank of the vector bundle => 2

o3 : ToricVectorBundleKlyachko

i4 : details E

o4 = HashTable{| -1 | => (| -1 0 |, | -1 0 |)}
               | 0  |     | 0  1 |
               | 0  | => (| 0  1 |, | -1 0 |)
               | -1 |     | -1 0 |
               | 0 | => (| 0 1 |, | -1 0 |)
               | 1 |     | 1 0 |
               | 1 | => (| 1 0 |, | -1 0 |)
               | 0 |     | 0 1 |

o4 : HashTable

i5 : 
