-- -*- M2-comint -*- hash: 1778821261

i1 : E = toricVectorBundle(2,projectiveSpaceFan 2)

o1 = {dimension of the variety => 2 }
      number of affine charts => 3
      number of rays => 3
      rank of the vector bundle => 2

o1 : ToricVectorBundleKlyachko

i2 : details E

o2 = HashTable{| -1 | => (| 1 0 |, 0)}
               | -1 |     | 0 1 |
               | 0 | => (| 1 0 |, 0)
               | 1 |     | 0 1 |
               | 1 | => (| 1 0 |, 0)
               | 0 |     | 0 1 |

o2 : HashTable

i3 : E = toricVectorBundle(2,pp1ProductFan 2,"Type" => "Kaneyama")

o3 = {dimension of the variety => 2 }
      number of affine charts => 4
      rank of the vector bundle => 2

o3 : ToricVectorBundleKaneyama

i4 : details E

o4 = (HashTable{0 => (| 1 0 |, 0)  }, HashTable{(0, 1) => | 1 0 |})
                      | 0 1 |                             | 0 1 |
                1 => (| 1 0  |, 0)              (0, 2) => | 1 0 |
                      | 0 -1 |                            | 0 1 |
                2 => (| -1 0 |, 0)              (1, 3) => | 1 0 |
                      | 0  1 |                            | 0 1 |
                3 => (| -1 0  |, 0)             (2, 3) => | 1 0 |
                      | 0  -1 |                           | 0 1 |

o4 : Sequence

i5 : 
