-- -*- M2-comint -*- hash: -1650889145

i1 : S = ZZ/101[a,b,c]

o1 = S

o1 : PolynomialRing

i2 : R = S/ideal(a^3+b^3+c^3)

o2 = R

o2 : QuotientRing

i3 : M = coker random(R^2, R^{4:-1});

i4 : Ea = approximationSequence M;

i5 : netList apply({1,2,3}, i-> betti res Ea_i)

     +----------------+
     |       0 1 2 3 4|
o5 = |total: 2 4 6 6 6|
     |    0: 2 4 . . .|
     |    1: . . 6 6 .|
     |    2: . . . . 6|
     +----------------+
     |       0 1 2 3 4|
     |total: 6 6 6 6 6|
     |    0: 6 6 . . .|
     |    1: . . 6 6 .|
     |    2: . . . . 6|
     +----------------+
     |       0 1      |
     |total: 8 6      |
     |    0: 4 6      |
     |    1: 4 .      |
     +----------------+

i6 : Ec = coApproximationSequence M;

i7 : netList apply(5, i-> betti res prune Ec_i)

     +----------------+
     |                |
o7 = |total:          |
     +----------------+
     |       0 1 2 3 4|
     |total: 6 6 6 6 6|
     |   -2: 6 . . . .|
     |   -1: . 6 6 . .|
     |    0: . . . 6 6|
     +----------------+
     |       0 1 2    |
     |total: 6 4 2    |
     |   -2: 6 . .    |
     |   -1: . 4 2    |
     +----------------+
     |       0 1 2 3 4|
     |total: 2 4 6 6 6|
     |    0: 2 4 . . .|
     |    1: . . 6 6 .|
     |    2: . . . . 6|
     +----------------+
     |                |
     |total:          |
     +----------------+

i8 : 
