-- -*- M2-comint -*- hash: -2093726290

i1 : X = inputGate symbol X

o1 = X

o1 : InputGate

i2 : Y = inputGate symbol Y

o2 = Y

o2 : InputGate

i3 : T = inputGate symbol T

o3 = T

o3 : InputGate

i4 : F = {X*X-1, Y*Y*Y-1}

o4 = {((X * X) + -1), (((Y * Y) * Y) + -1)}

o4 : List

i5 : G = {X*X+Y*Y-1, X*X*X+Y*Y*Y-1}

o5 = {(((X * X) + (Y * Y)) + -1), ((((X * X) * X) + ((Y * Y) * Y)) + -1)}

o5 : List

i6 : H = (1 - T) * F + T * G

o6 = {(((1 + (-1 * T)) * ((X * X) + -1)) + (T * (((X * X) + (Y * Y)) + -1))),
     ------------------------------------------------------------------------
     (((1 + (-1 * T)) * (((Y * Y) * Y) + -1)) + (T * ((((X * X) * X) + ((Y *
     ------------------------------------------------------------------------
     Y) * Y)) + -1)))}

o6 : List

i7 : HS = gateHomotopy(transpose matrix {H},matrix{{X,Y}},T)

o7 = GateHomotopy{...11...}

o7 : GateHomotopy

i8 : 
