-- -*- M2-comint -*- hash: 585099567

i1 : options monodromySolve

o1 = OptionTable{AugmentEdgeCount => 0                                }
                 AugmentGraphFunction => null
                 AugmentNodeCount => 0
                 AugmentNumberOfRepeats => null
                 BatchSize => infinity
                 EdgesSaturated => false
                 Equivalencer => null
                 FilterCondition => null
                 GraphInitFunction => completeGraphInit
                 new tracking routine => true
                 NumberOfEdges => null
                 NumberOfNodes => null
                 NumberOfRepeats => 10
                 PointArrayTol => .0001
                 Potential => null
                 Randomizer => null
                 SelectEdgeAndDirection => selectFirstEdgeAndDirection
                 StoppingCriterion => null
                 TargetSolutionCount => null
                 Verbose => false

o1 : OptionTable

i2 : 
