-- -*- M2-comint -*- hash: 614197212

i1 : R = ZZ/32749[x_0..x_6]

o1 = R

o1 : PolynomialRing

i2 : I=ideal(random(2,R),random(1,R),R_0*R_1*R_6-R_0^3);

o2 : Ideal of R

i3 : time CSM I
     -- used 1.0482 seconds

        5      4     3
o3 = 12h  + 10h  + 6h
        1      1     1

     ZZ[h ]
         1
o3 : ------
        7
       h
        1

i4 : time CSM(I,Method=>DirectCompleteInt)
     -- used 0.228474 seconds

        5      4     3
o4 = 12h  + 10h  + 6h
        1      1     1

     ZZ[h ]
         1
o4 : ------
        7
       h
        1

i5 : 
