-- -*- M2-comint -*- hash: -1766305727

i1 : setRandomSeed 121;

i2 : R = QQ[x,y,z,w]

o2 = R

o2 : PolynomialRing

i3 : I = minors(2,matrix{{x,y,z},{y,z,w}})

               2                        2
o3 = ideal (- y  + x*z, - y*z + x*w, - z  + y*w)

o3 : Ideal of R

i4 : Chern (I,CompMethod=>PnResidual)

       2
o4 = 4H

     ZZ[H]
o4 : -----
        4
       H

i5 : Chern (I,CompMethod=>PnResidual)

       3     2
o5 = 2H  + 3H

     ZZ[H]
o5 : -----
        4
       H

i6 : Chern (I,CompMethod=>PnResidual)

       3     2
o6 = 2H  + 3H

     ZZ[H]
o6 : -----
        4
       H

i7 : Chern(I,CompMethod=>ProjectiveDegree)

       3     2
o7 = 2h  + 3h
       1     1

     ZZ[h ]
         1
o7 : ------
        4
       h
        1

i8 : 
