-- -*- M2-comint -*- hash: -2009777120

i1 : randomToricEdgeIdeal(4,5)

o1 = (ideal(e e  - e e ), Graph{edges => {{x , x }, {x , x }, {x , x }, {x ,
             1 3    4 5                     3   4     1   4     1   2     2 
                                ring => QQ[x ..x ]
                                            1   4
                                vertices => {x , x , x , x }
                                              1   2   3   4
     ------------------------------------------------------------------------
     x }, {x , x }}})
      4     1   3

o1 : Sequence

i2 : randomBinomialEdgeIdeal(4,5)

o2 = (ideal (- x y  + x y , - x y  + x y , x y  - x y , x y  - x y , x y  -
                3 4    4 3     3 1    1 3   4 1    1 4   4 2    2 4   1 2  
                                                                           
                                                                           
                                                                           
                                                                           
     ------------------------------------------------------------------------
     x y ), Graph{edges => {{x , x }, {x , x }, {x , x }, {x , x }, {x ,
      2 1                     3   4     1   2     1   3     2   4     1 
                  ring => QQ[x ..x ]
                              1   4
                  vertices => {x , x , x , x }
                                1   2   3   4
     ------------------------------------------------------------------------
     x }}})
      4

o2 : Sequence

i3 : 
