-- -*- M2-comint -*- hash: 1879046588

i1 : (A,B,FF,I)=setupCotangent(1,3,Presentation=>Borel,Ktheory=>true,Equivariant=>false);

i2 : segreClass "101"

            4                4    2            4    2               2
         -2q                q  + q            q  + q             -2q
o2 = ------------*x x  + ------------*x  + ------------*x  + ------------
      4     2      2 3    4     2      2    4     2      3    4     2
     q  - 2q  + 1        q  - 2q  + 1      q  - 2q  + 1      q  - 2q  + 1

o2 : B

i3 : segreClass I

o3 = | q4/(q4-2q2+1)x_2x_3+(-q2)/(q4-2q2+1)x_2+(-q2)/(q4-2q2+1)x_3+1/(q4-2q2+
     ------------------------------------------------------------------------
     1) (-2q4)/(q4-2q2+1)x_2x_3+(q4+q2)/(q4-2q2+1)x_2+(q4+q2)/(q4-2q2+1)x_3
     ------------------------------------------------------------------------
     +(-2q2)/(q4-2q2+1) q4/(q4-2q2+1)x_2x_3+(-q4)/(q4-2q2+1)x_2+(-q4)/(q4-2q2
     ------------------------------------------------------------------------
     +1)x_3+q4/(q4-2q2+1) |

             1       3
o3 : Matrix B  <--- B

i4 : 
