-- -*- M2-comint -*- hash: 415406482

i1 : S=QQ[x,y,z,w];

i2 : F0=matrix {{x*z,y*z,z^2,x^3}};

             1       4
o2 : Matrix S  <--- S

i3 : (f,r,g,c)=localHilbertScheme(F0,Verbose=>0,HighestOrder=>2,SmartLift=>false);
Warning: calculation terminated since HighestOrder has been reached.

i4 : (liftDeformation(f,r,g,c))_2

o4 = {| t_1t_16             |, | 0                                     |}
      | t_9t_16             |  | -2t_6t_10t_16+3t_10^2t_16-t_8t_11t_16 |
      | -t_4t_16            |  | t_8t_10t_16+2t_3t_11t_16              |
      | -2t_14t_16+t_15t_16 |  | 4t_10t_12t_16+2t_11t_13t_16-t_8t_16^2 |

o4 : List

i5 : (F,R)=correctDeformation(f,r,g,c);

i6 : (liftDeformation(F,R,g,c))_2

o6 = {| t_1t_16             |, 0}
      | t_9t_16             |
      | -t_4t_16            |
      | -2t_14t_16+t_15t_16 |

o6 : List

i7 : 
