-- -*- M2-comint -*- hash: 424664939

i1 : S=QQ[x_0..x_4];

i2 : I=minors(2,matrix {{x_0,x_1,x_2,x_3},{x_1,x_2,x_3,x_4}});

o2 : Ideal of S

i3 : F0=gens I

o3 = | -x_1^2+x_0x_2 -x_1x_2+x_0x_3 -x_2^2+x_1x_3 -x_1x_3+x_0x_4
     ------------------------------------------------------------------------
     -x_2x_3+x_1x_4 -x_3^2+x_2x_4 |

             1       6
o3 : Matrix S  <--- S

i4 : T1=cotangentCohomology1(F0);

             6       4
o4 : Matrix S  <--- S

i5 : R0=gens ker F0;

             6       8
o5 : Matrix S  <--- S

i6 : (F,R)=firstOrderDeformations(F0,R0,T1)

o6 = ({| -x_1^2+x_0x_2 -x_1x_2+x_0x_3 -x_2^2+x_1x_3 -x_1x_3+x_0x_4
                                                                  
                                                                  
                                                                  
                                                                  
                                                                  
     ------------------------------------------------------------------------
     -x_2x_3+x_1x_4 -x_3^2+x_2x_4 |, | x_1t_1+x_0t_2 x_0t_4
                                                           
                                                           
                                                           
                                                           
                                                           
     ------------------------------------------------------------------------
     -x_3t_1-x_2t_2+x_1t_4 x_2t_3 -x_4t_1-x_3t_2+x_3t_3 x_4t_3-x_3t_4 |},
                                                                         
                                                                         
                                                                         
                                                                         
                                                                         
     ------------------------------------------------------------------------
     {{2} | x_3  x_2  0    x_4  x_3  0    0    0    |, {2} | t_4  0   0   
      {2} | -x_2 -x_1 x_4  0    0    0    x_4  x_3  |  {2} | -t_2 t_1 0   
      {2} | x_1  x_0  -x_3 0    0    x_4  0    0    |  {2} | 0    0   0   
      {2} | 0    0    -x_3 -x_2 -x_1 0    -x_3 -x_2 |  {2} | 0    0   -t_4
      {2} | 0    0    x_2  x_1  x_0  -x_3 0    0    |  {2} | 0    0   0   
      {2} | 0    0    0    0    0    x_2  x_1  x_0  |  {2} | 0    0   t_1 
     ------------------------------------------------------------------------
     0    0    0       0    0    |})
     0    -t_3 0       0    0    |
     -t_3 0    0       0    -t_3 |
     -t_2 t_1  0       -t_4 -t_3 |
     0    0    -t_4    -t_3 0    |
     0    0    t_2-t_3 0    0    |

o6 : Sequence

i7 : 
