-- -*- M2-comint -*- hash: -1558524477

i1 : S=QQ[x,y,z,w];

i2 : F0=matrix {{x*z,y*z,z^2,x^3}}

o2 = | xz yz z2 x3 |

             1       4
o2 : Matrix S  <--- S

i3 : (F,R,G,C)=localHilbertScheme(F0,Verbose=>2);
Calculating first order deformations and obstruction space
Calculating first order relations
Calculating standard expressions for obstructions
Starting lifting
Order 2
Order 3
Order 4
Order 5
Order 6
Order 7
Solution is polynomial

i4 : T=ring first G;

i5 : sum G

o5 = | t_1t_16             |
     | t_9t_16             |
     | -t_4t_16            |
     | -2t_14t_16+t_15t_16 |

             4       1
o5 : Matrix T  <--- T

i6 : 
