-- -*- M2-comint -*- hash: 1642257945

i1 : R = ZZ/101[a,b,c,d]/ideal"a3,a2b2,b4,c4,d2"

o1 = R

o1 : QuotientRing

i2 : F = burkeResolution(coker vars R, 4)

      1      4      11      33      99
o2 = R  <-- R  <-- R   <-- R   <-- R
                                    
     0      1      2       3       4

o2 : Complex

i3 : picture F.dd_3

     +------+---+------+------+
o3 = |      |{3}|{3, 0}|{2, 1}|
     +------+---+------+------+
     |  {2} | * |   *  |   *  |
     +------+---+------+------+
     |{2, 0}| . |   *  |   *  |
     +------+---+------+------+

i4 : picture F

     +-------------------------------------------+
     |+---+---+                                  |
o4 = ||   |{1}|                                  |
     |+---+---+                                  |
     ||{0}| * |                                  |
     |+---+---+                                  |
     +-------------------------------------------+
     |+---+---+------+                           |
     ||   |{2}|{2, 0}|                           |
     |+---+---+------+                           |
     ||{1}| * |   *  |                           |
     |+---+---+------+                           |
     +-------------------------------------------+
     |+------+---+------+------+                 |
     ||      |{3}|{3, 0}|{2, 1}|                 |
     |+------+---+------+------+                 |
     ||  {2} | * |   *  |   *  |                 |
     |+------+---+------+------+                 |
     ||{2, 0}| . |   *  |   *  |                 |
     |+------+---+------+------+                 |
     +-------------------------------------------+
     |+------+---+------+------+------+---------+|
     ||      |{4}|{4, 0}|{3, 1}|{2, 2}|{2, 2, 0}||
     |+------+---+------+------+------+---------+|
     ||  {3} | * |   *  |   *  |   *  |    *    ||
     |+------+---+------+------+------+---------+|
     ||{3, 0}| . |   *  |   *  |   .  |    u    ||
     |+------+---+------+------+------+---------+|
     ||{2, 1}| . |   .  |   *  |   *  |    *    ||
     |+------+---+------+------+------+---------+|
     +-------------------------------------------+

i5 : 
