-- -*- M2-comint -*- hash: -1962797629

i1 : B = QQ[a..d];

i2 : C = koszul vars B

      1      4      6      4      1
o2 = B  <-- B  <-- B  <-- B  <-- B
                                  
     0      1      2      3      4

o2 : ChainComplex

i3 : truncate(C,1)

                  4      6      4      1
o3 = image 0 <-- B  <-- B  <-- B  <-- B
                                       
     0           1      2      3      4

o3 : ChainComplex

i4 : truncate(C,-1)

      1      4      6      4
o4 = B  <-- B  <-- B  <-- B  <-- image 0
                                  
     0      1      2      3      4

o4 : ChainComplex

i5 : truncate(C,-10)

o5 = image 0 <-- image 0 <-- image 0 <-- image 0 <-- image 0
                                                      
     0           1           2           3           4

o5 : ChainComplex

i6 : truncate(C,10)

o6 = image 0 <-- image 0 <-- image 0 <-- image 0 <-- image 0
                                                      
     0           1           2           3           4

o6 : ChainComplex

i7 : 
