-- -*- M2-comint -*- hash: -1009886968

i1 : P = cyclicPolytope(3,5)

o1 = P

o1 : Polyhedron

i2 : L = faces(2,P)

o2 = {({0, 2}, {}), ({1, 2}, {}), ({0, 1}, {}), ({0, 3}, {}), ({2, 3}, {}),
     ------------------------------------------------------------------------
     ({3, 4}, {}), ({0, 4}, {}), ({2, 4}, {}), ({1, 4}, {})}

o2 : List

i3 : vertP = vertices P

o3 = | 0 1 2 3  4  |
     | 0 1 4 9  16 |
     | 0 1 8 27 64 |

              3        5
o3 : Matrix QQ  <--- QQ

i4 : apply(L, f -> vertP_(f#0))

o4 = {| 0 2 |, | 1 2 |, | 0 1 |, | 0 3  |, | 2 3  |, | 3  4  |, | 0 4  |, | 2
      | 0 4 |  | 1 4 |  | 0 1 |  | 0 9  |  | 4 9  |  | 9  16 |  | 0 16 |  | 4
      | 0 8 |  | 1 8 |  | 0 1 |  | 0 27 |  | 8 27 |  | 27 64 |  | 0 64 |  | 8
     ------------------------------------------------------------------------
     4  |, | 1 4  |}
     16 |  | 1 16 |
     64 |  | 1 64 |

o4 : List

i5 : 
