-- -*- M2-comint -*- hash: 2146206759

i1 : P = crossPolytope 3

o1 = P

o1 : Polyhedron

i2 : w =  matrix {{1,2,2,2,2,2,1}}

o2 = | 1 2 2 2 2 2 1 |

              1        7
o2 : Matrix ZZ  <--- ZZ

i3 : L = regularSubdivision(P,w)

o3 = {Polyhedron{...1...}, Polyhedron{...1...}, Polyhedron{...1...},
     ------------------------------------------------------------------------
     Polyhedron{...1...}, Polyhedron{...1...}, Polyhedron{...1...},
     ------------------------------------------------------------------------
     Polyhedron{...1...}, Polyhedron{...1...}}

o3 : List

i4 : apply(L,vertices)

o4 = {| 0 1 0 0 |, | 0 1 0 0  |, | 0 1 0  0 |, | 0 1 0  0  |, | 0 -1 0 0 |, |
      | 0 0 1 0 |  | 0 0 1 0  |  | 0 0 -1 0 |  | 0 0 -1 0  |  | 0 0  1 0 |  |
      | 0 0 0 1 |  | 0 0 0 -1 |  | 0 0 0  1 |  | 0 0 0  -1 |  | 0 0  0 1 |  |
     ------------------------------------------------------------------------
     0 -1 0 0  |, | 0 -1 0  0 |, | 0 -1 0  0  |}
     0 0  1 0  |  | 0 0  -1 0 |  | 0 0  -1 0  |
     0 0  0 -1 |  | 0 0  0  1 |  | 0 0  0  -1 |

o4 : List

i5 : M = matrix {{1,0,1,0},{1,1,0,0}};

              2        4
o5 : Matrix ZZ  <--- ZZ

i6 : w = matrix {{1,0,0,1}};

              1        4
o6 : Matrix ZZ  <--- ZZ

i7 : S = regularSubdivision (M,w)

o7 = {{0, 1, 2}, {1, 2, 3}}

o7 : List

i8 : 
