-- -*- M2-comint -*- hash: -1263784603

i1 : M = universalExtension({-2}, {2})

o1 = cokernel {2, 0} | x_0 x_1 x_2 |
              {1, 1} | y_0 0   0   |
              {1, 1} | y_1 y_0 0   |
              {1, 1} | 0   y_1 y_0 |
              {1, 1} | 0   0   y_1 |

      ZZ                                       ZZ                 5
o1 : ---[x ..x ][y ..y ]-module, quotient of (---[x ..x ][y ..y ])
     101  0   2   0   1                       101  0   2   0   1

i2 : M = universalExtension({-2,-3}, {2,3})

o2 = cokernel {2, 0} | x_0y_1 x_1y_1 x_2y_1 x_3y_1 x_4y_1 x_5y_1 x_6y_1 x_7y_1 x_8y_1 |
              {3, 0} | x_9    x_10   x_11   x_12   x_13   x_14   x_15   x_16   x_17   |
              {2, 1} | y_0    0      0      0      0      0      0      0      0      |
              {2, 1} | y_1    y_0    0      0      0      0      0      0      0      |
              {2, 1} | 0      y_1    y_0    0      0      0      0      0      0      |
              {2, 1} | 0      0      y_1    y_0    0      0      0      0      0      |
              {2, 1} | 0      0      0      y_1    0      0      0      0      0      |
              {2, 1} | 0      0      0      0      y_0    0      0      0      0      |
              {2, 1} | 0      0      0      0      y_1    y_0    0      0      0      |
              {2, 1} | 0      0      0      0      0      y_1    y_0    0      0      |
              {2, 1} | 0      0      0      0      0      0      y_1    y_0    0      |
              {2, 1} | 0      0      0      0      0      0      0      y_1    y_0    |
              {2, 1} | 0      0      0      0      0      0      0      0      y_1    |

      ZZ                                        ZZ                  13
o2 : ---[x ..x  ][y ..y ]-module, quotient of (---[x ..x  ][y ..y ])
     101  0   17   0   1                       101  0   17   0   1

i3 : 
