-- -*- M2-comint -*- hash: -600369550

i1 : X0 = hirzebruchSurface 2;

i2 : degrees ring X0

o2 = {{1, 0}, {-2, 1}, {1, 0}, {0, 1}}

o2 : List

i3 : chi OO X0_2

o3 = 2

o3 : QQ[]

i4 : latticePoints X0_2

o4 = | 0 1 |
     | 0 0 |

              2        2
o4 : Matrix ZZ  <--- ZZ

i5 : assert all ({{1,0},{0,1},{1,1},{2,1},{1,2}}, p -> (
             D := p#0 * X0_2 + p#1 * X0_3;
             isNef D and chi OO D == rank source latticePoints D
             )
         )

i6 : chi OO (2 * X0_1)

o6 = -3

o6 : QQ[]

i7 : assert not isNef (2 * X0_1)

i8 : 
