-- -*- M2-comint -*- hash: 891387318

i1 : H1=new HashTable from { {{{1,2},{3},{4},{5}},1}, {{{1,3},{2},{4},{5}},1} };

i2 : curveClassRepresentativeM0nbar(5,H1)

o2 = CurveClassRepresentativeM0nbar{CurveExpression => HashTable{{{1, 2}, {3}, {4}, {5}} => 1}}
                                                                 {{1, 3}, {2}, {4}, {5}} => 1
                                    NumberOfMarkedPoints => 5

o2 : CurveClassRepresentativeM0nbar

i3 : H=new HashTable from { {{{1,2},{3},{4},{5}},1}, {{{1,3},{2},{4},{5}},1}, {{{1,2},{3},{4},{5}},2}}

o3 = HashTable{{{1, 2}, {3}, {4}, {5}} => 2}
               {{1, 3}, {2}, {4}, {5}} => 1

o3 : HashTable

i4 : L= { {{{1,2},{3},{4},{5}},1}, {{{1,3},{2},{4},{5}},1}, {{{1,2},{3},{4},{5}},2}}

o4 = {{{{1, 2}, {3}, {4}, {5}}, 1}, {{{1, 3}, {2}, {4}, {5}}, 1}, {{{1, 2},
     ------------------------------------------------------------------------
     {3}, {4}, {5}}, 2}}

o4 : List

i5 : curveClassRepresentativeM0nbar(5,L)

o5 = CurveClassRepresentativeM0nbar{CurveExpression => HashTable{{{1, 2}, {3}, {4}, {5}} => 3}}
                                                                 {{1, 3}, {2}, {4}, {5}} => 1
                                    NumberOfMarkedPoints => 5

o5 : CurveClassRepresentativeM0nbar

i6 : 
