-- -*- M2-comint -*- hash: -1503047428

i1 : R=rootSystemA(3)

o1 = RootSystem{...8...}

o1 : RootSystem

i2 : w1 = reduce(R,{2,1,2})

o2 = WeylGroupElement{RootSystem{...8...}, | -1 |}
                                           | -1 |
                                           |  3 |

o2 : WeylGroupElement

i3 : w2 = reduce(R,{1,2,1,3,2})

o3 = WeylGroupElement{RootSystem{...8...}, | -1 |}
                                           | -2 |
                                           |  1 |

o3 : WeylGroupElement

i4 : myInterval=intervalBruhat(w1,w2)

o4 = HasseDiagram{{{WeylGroupElement{RootSystem{...8...}, | -1 |}, {{0, |  0 |}, {1, | -1 |}}}}, {{WeylGroupElement{RootSystem{...8...}, |  1 |}, {{0, | -1 |}}}, {WeylGroupElement{RootSystem{...8...}, | -2 |}, {{0, |  0 |}}}}, {{WeylGroupElement{RootSystem{...8...}, | -1 |}, {}}}}
                                                          | -2 |        | -1 |       |  2 |                                              | -3 |        |  1 |                                            | -1 |        | -1 |                                              | -1 |
                                                          |  1 |        |  2 |       | -1 |                                              |  1 |        |  1 |                                            |  2 |        |  2 |                                              |  3 |

o4 : HasseDiagram

i5 : myInterval#1

o5 = {{WeylGroupElement{RootSystem{...8...}, |  1 |}, {{0, | -1 |}}},
                                             | -3 |        |  1 |    
                                             |  1 |        |  1 |    
     ------------------------------------------------------------------------
     {WeylGroupElement{RootSystem{...8...}, | -2 |}, {{0, |  0 |}}}}
                                            | -1 |        | -1 |
                                            |  2 |        |  2 |

o5 : List

i6 : 
