-- -*- M2-comint -*- hash: 109395757

i1 : R = QQ[x,y,z]

o1 = R

o1 : PolynomialRing

i2 : M = transpose matrix{{1,0,0},{0,1,1}}

o2 = | 1 0 |
     | 0 1 |
     | 0 1 |

              3        2
o2 : Matrix ZZ  <--- ZZ

i3 : mults = {3,2}

o3 = {3, 2}

o3 : List

i4 : (inG,G) = projectiveFatPoints(M,mults,R)

              2    3       2   2 3     2        2    3   3       2     3 
o4 = (ideal (y z, y , x*y*z , x z ), {y z - 2y*z  + z , y  - 3y*z  + 2z ,
     ------------------------------------------------------------------------
          2      3   2 3
     x*y*z  - x*z , x z })

o4 : Sequence

i5 : monomialIdeal G == inG

o5 = true

i6 : 
