-- -*- M2-comint -*- hash: 593696515

i1 : R=QQ[x_1,x_2,x_3,x_4]

o1 = R

o1 : PolynomialRing

i2 : Q = ideal(x_1^2,x_1*x_2,x_1*x_3,x_1*x_4-x_3^2+x_1,x_3^2*x_4-x_2^2,x_3^2*x_4-x_3^2-x_2*x_3+2*x_1)

             2                 2               2      2   2             2
o2 = ideal (x , x x , x x , - x  + x x  + x , x x  - x , x x  - x x  - x  +
             1   1 2   1 3     3    1 4    1   3 4    2   3 4    2 3    3  
     ------------------------------------------------------------------------
     2x )
       1

o2 : Ideal of R

i3 : isPrimary Q

o3 = true

i4 : noetherianOperators(Q, Strategy => "PunctualQuot")

o4 = {| 1 |, | dx_2 |, | dx_3 |, |
     ------------------------------------------------------------------------
     (x_4^2+x_4)dx_2^2+(2x_4^2+2)dx_2dx_3+(x_4+1)dx_3^2+2dx_1 |}

o4 : List

i5 : 
