-- -*- M2-comint -*- hash: -343498750

i1 : R = QQ[x_1..x_4]

o1 = R

o1 : PolynomialRing

i2 : M = matrix{{x_1*x_3, x_1*x_2, x_1^2*x_2}, {x_1^2, x_2^2, x_1^2*x_4}}

o2 = | x_1x_3 x_1x_2 x_1^2x_2 |
     | x_1^2  x_2^2  x_1^2x_4 |

             2       3
o2 : Matrix R  <--- R

i3 : U = image M

o3 = image | x_1x_3 x_1x_2 x_1^2x_2 |
           | x_1^2  x_2^2  x_1^2x_4 |

                             2
o3 : R-module, submodule of R

i4 : sols = solvePDE M

                                                                            
o4 = {{ideal x , {| 1 |}}, {ideal (x , x ), {| -x_1 |}}, {ideal (x , x ), {|
              1   | 0 |             4   2    |  x_3 |             3   2    |
     ------------------------------------------------------------------------
                                                                            
     1 |}}, {ideal (x , x ), {| x_2dx_1 |}}, {ideal (x , x ), {| 0 |, |   0 
     0 |             3   1    |    -1   |             2   1    | 1 |  | dx_1
     ------------------------------------------------------------------------
                                           2                       2
     |, |   0  |, |     0    |}}, {ideal (x  - x x , x x  - x x , x  - x x ),
     |  | dx_2 |  | dx_1dx_2 |             2    1 4   1 2    3 4   1    2 3  
     ------------------------------------------------------------------------
     {| -x_4 |}}}
      |  x_2 |

o4 : List

i5 : netList sols

     +-----------------------------------------+-----------------------------------------+
o5 = |ideal x                                  |{| 1 |}                                  |
     |       1                                 | | 0 |                                   |
     +-----------------------------------------+-----------------------------------------+
     |ideal (x , x )                           |{| -x_1 |}                               |
     |        4   2                            | |  x_3 |                                |
     +-----------------------------------------+-----------------------------------------+
     |ideal (x , x )                           |{| 1 |}                                  |
     |        3   2                            | | 0 |                                   |
     +-----------------------------------------+-----------------------------------------+
     |ideal (x , x )                           |{| x_2dx_1 |}                            |
     |        3   1                            | |    -1   |                             |
     +-----------------------------------------+-----------------------------------------+
     |ideal (x , x )                           |{| 0 |, |   0  |, |   0  |, |     0    |}|
     |        2   1                            | | 1 |  | dx_1 |  | dx_2 |  | dx_1dx_2 | |
     +-----------------------------------------+-----------------------------------------+
     |        2                       2        |                                         |
     |ideal (x  - x x , x x  - x x , x  - x x )|{| -x_4 |}                               |
     |        2    1 4   1 2    3 4   1    2 3 | |  x_2 |                                |
     +-----------------------------------------+-----------------------------------------+

i6 : amult U == sum(sols / last / (l -> #l))

o6 = true

i7 : 
