-- -*- M2-comint -*- hash: -970067

i1 : QQ[x,y,z];

i2 : L = gfan{x^2 + y*z, z^2 + y*z}

                2    2     2      2           2             4     2 2    2  
o2 = {{(y*z) + z , (x ) - z }, {(x ) + y*z, (z ) + y*z}, {(x ) - x y , (x z)
     ------------------------------------------------------------------------
        2     2     2           2      2      2     2     2    2 2     4 
     + x y, (z ) - x , (y*z) + x }, {(x z) + x y, (z ) - x , (x y ) - x ,
     ------------------------------------------------------------------------
              2      2      2            2    2     2
     (y*z) + x }, {(x y) + x z, (y*z) + x , (z ) - x }}

o2 : List

i3 : gfanToLatex L

o3 =  $ \{\{yz+z^{2},
     x^{2}-z^{2}\}
     ,
     \{x^{2}+yz,
     z^{2}+yz\}
     ,
     \{x^{4}-x^{2}y^{2},
     x^{2}z+x^{2}y,
     z^{2}-x^{2},
     yz+x^{2}\}
     ,
     \{x^{2}z+x^{2}y,
     z^{2}-x^{2},
     x^{2}y^{2}-x^{4},
     yz+x^{2}\}
     ,
     \{x^{2}y+x^{2}z,
     yz+x^{2},
     z^{2}-x^{2}\}
     \}
      $ 

i4 : gfanToLatex first L

o4 =  $ \{yz+z^{2},
     x^{2}-z^{2}\}
      $ 

i5 : gfanToLatex({{x,z}, {x+y, x+z}}, "polynomialset" => true)

o5 =  $ \{x+y,
     z+x\}
      $ 

i6 : 
