-- -*- M2-comint -*- hash: -635245495

i1 : S=ZZ[x_0,x_1];

i2 : R=S[a_1..a_4];

i3 : K=gens ker matrix{{1,a_2,a_3,a_4}}

o3 = {0, 0} | a_2 a_3 a_4 |
     {1, 0} | -1  0   0   |
     {1, 0} | 0   -1  0   |
     {1, 0} | 0   0   -1  |

             4       3
o3 : Matrix R  <--- R

i4 : K2=nextDegree(K,1,S)

o4 = {-1, 0} | a_2 0   a_3 0   a_4 0   |
     {-1, 0} | -1  a_2 0   a_3 0   a_4 |
     {0, 0}  | 0   -1  0   0   0   0   |
     {0, 0}  | 0   0   -1  0   0   0   |
     {0, 0}  | 0   0   0   -1  -1  0   |
     {0, 0}  | 0   0   0   0   0   -1  |

             6       6
o4 : Matrix R  <--- R

i5 : co1Fitting(K2)

o5 = ideal(a a  - a )
            2 3    4

o5 : Ideal of R

i6 : 
