-- -*- M2-comint -*- hash: -142965892

i1 : M = CFNmodel

o1 = Model{AList => HashTable{0 => {1, 0}}}
                              1 => {0, 1}
           Automorphisms => HashTable{}
           Buckets => {{0}, {1}}
           Group => {0, 1}

o1 : Model

i2 : T = leafTree(3,{})

o2 = {{0, 1, 2}, {set {0}, set {1}, set {2}}}

o2 : LeafTree

i3 : phyloToricAMatrix(T,M)

o3 = | 1 1 0 0 |
     | 0 0 1 1 |
     | 1 0 1 0 |
     | 0 1 0 1 |
     | 1 0 0 1 |
     | 0 1 1 0 |

              6        4
o3 : Matrix ZZ  <--- ZZ

i4 : 
