-- -*- M2-comint -*- hash: 889998350

i1 : T = leafTree(4,{{0,1}})

o1 = {{0, 1, 2, 3}, {set {0, 1}, set {0}, set {1}, set {2}, set {3}}}

o1 : LeafTree

i2 : r = {set{0,1}, set{2}, set{3}}

o2 = {set {0, 1}, set {2}, set {3}}

o2 : List

i3 : D = digraph(T,r)

o3 = Digraph{set {set {0, 1, 2}} => {}                                                                                           }
             set {set {0, 1, 3}} => {}
             set {set {0, 1}, set {2}, set {3}} => {set {set {0}, set {1}, set {2, 3}}, set {set {0, 1, 2}}, set {set {0, 1, 3}}}
             set {set {0, 2, 3}} => {}
             set {set {0}, set {1}, set {2, 3}} => {set {set {1, 2, 3}}, set {set {0, 2, 3}}}
             set {set {1, 2, 3}} => {}

o3 : Digraph

i4 : adjacencyMatrix D

o4 = | 0 1 1 0 0 0 |
     | 0 0 0 0 0 0 |
     | 0 0 0 0 0 0 |
     | 1 0 0 0 1 1 |
     | 0 0 0 0 0 0 |
     | 0 0 0 0 0 0 |

              6        6
o4 : Matrix ZZ  <--- ZZ

i5 : 
