-- -*- M2-comint -*- hash: 546111800

i1 : T = leafTree({a,b,c,d},{{a,b}})

o1 = {{a, b, c, d}, {set {a, b}, set {a}, set {b}, set {c}, set {d}}}

o1 : LeafTree

i2 : leaves T

o2 = set {a, b, c, d}

o2 : Set

i3 : edges T

o3 = {set {a, b}, set {a}, set {b}, set {c}, set {d}}

o3 : List

i4 : G = graph{{a,b},{c,b},{b,d},{d,e},{d,f},{f,g},{f,h}}

o4 = Graph{a => {b}      }
           b => {a, c, d}
           c => {b}
           d => {b, e, f}
           e => {d}
           f => {d, g, h}
           g => {f}
           h => {f}

o4 : Graph

i5 : T = leafTree G

o5 = {{a, c, e, g, h}, {set {a, c}, set {a, c, e}, set {a}, set {c}, set {e},
     ------------------------------------------------------------------------
     set {g}, set {h}}}

o5 : LeafTree

i6 : leaves T

o6 = set {a, c, e, g, h}

o6 : Set

i7 : internalEdges T

o7 = {set {a, c}, set {a, c, e}}

o7 : List

i8 : 
