-- -*- M2-comint -*- hash: -1482407358

i1 : T = leafTree(4,{{0,1}})

o1 = {{0, 1, 2, 3}, {set {0, 1}, set {0}, set {1}, set {2}, set {3}}}

o1 : LeafTree

i2 : S = qRing(T, CFNmodel)

o2 = S

o2 : PolynomialRing

i3 : phyloToricQuads(T, CFNmodel, QRing=>S)

o3 = {- q       q        + q       q       , q       q        -
         0,0,1,1 1,1,0,0    0,0,0,0 1,1,1,1   0,0,1,1 1,1,0,0  
     ------------------------------------------------------------------------
     q       q       , q       q        - q       q       , -
      0,0,0,0 1,1,1,1   0,0,1,1 1,1,0,0    0,0,0,0 1,1,1,1   
     ------------------------------------------------------------------------
     q       q        + q       q       , - q       q        +
      0,0,1,1 1,1,0,0    0,0,0,0 1,1,1,1     0,1,1,0 1,0,0,1  
     ------------------------------------------------------------------------
     q       q       , q       q        - q       q       , q       q       
      0,1,0,1 1,0,1,0   0,1,1,0 1,0,0,1    0,1,0,1 1,0,1,0   0,1,1,0 1,0,0,1
     ------------------------------------------------------------------------
     - q       q       , - q       q        + q       q       }
        0,1,0,1 1,0,1,0     0,1,1,0 1,0,0,1    0,1,0,1 1,0,1,0

o3 : List

i4 : 
