-- -*- M2-comint -*- hash: 1113740736

i1 : S = ZZ/101[a..d]

o1 = S

o1 : PolynomialRing

i2 : I = ideal(b^2-a*c, b*c-a*d, c^2-b*d)

             2                    2
o2 = ideal (b  - a*c, b*c - a*d, c  - b*d)

o2 : Ideal of S

i3 : F1 = map(S^1,,matrix{{I_0, I_1, I_2}})

o3 = | b2-ac bc-ad c2-bd |

             1       3
o3 : Matrix S  <--- S

i4 : F2 = map(source F1,,matrix{
             {0, I_2, -I_1},
             {-I_2, 0, I_0},
             {I_1, -I_0, 0}
             })

o4 = {2} | 0      c2-bd  -bc+ad |
     {2} | -c2+bd 0      b2-ac  |
     {2} | bc-ad  -b2+ac 0      |

             3       3
o4 : Matrix S  <--- S

i5 : F3 = map(source F2,,matrix{{I_0}, {I_1}, {I_2}})

o5 = {4} | b2-ac |
     {4} | bc-ad |
     {4} | c2-bd |

             3       1
o5 : Matrix S  <--- S

i6 : C = complex hashTable{1 => F1, 2 => F2, 3 => F3}

      1      3      3      1
o6 = S  <-- S  <-- S  <-- S
                           
     0      1      2      3

o6 : Complex

i7 : isWellDefined C

o7 = true

i8 : 
