-- -*- M2-comint -*- hash: 1661655249

i1 : L= {{1,2,1,-1},{2,1,3,0},{-1, 0, 1, 1},{-5, 3, 4, -6}};

i2 : sampleCovarianceMatrix(L)

o2 = | 115/16 -13/8 -29/16 47/8  |
     | -13/8  5/4   7/8    -11/4 |
     | -29/16 7/8   27/16  -21/8 |
     | 47/8   -11/4 -21/8  29/4  |

              4        4
o2 : Matrix QQ  <--- QQ

i3 : U= matrix{{1,2,1,-1},{2,1,3,0},{-1, 0, 1, 1},{-5, 3, 4, -6}};

              4        4
o3 : Matrix ZZ  <--- ZZ

i4 : sampleCovarianceMatrix(U)

o4 = | 115/16 -13/8 -29/16 47/8  |
     | -13/8  5/4   7/8    -11/4 |
     | -29/16 7/8   27/16  -21/8 |
     | 47/8   -11/4 -21/8  29/4  |

              4        4
o4 : Matrix QQ  <--- QQ

i5 : 
     
