-- -*- M2-comint -*- hash: 502334743

i1 : genList = {{1,2,3,0,5,4},{0,4,2,5,1,3}}

o1 = {{1, 2, 3, 0, 5, 4}, {0, 4, 2, 5, 1, 3}}

o1 : List

i2 : H = generatePermutationGroup(genList)

o2 = {{1, 4, 3, 5, 0, 2}, {0, 1, 2, 3, 4, 5}, {2, 3, 0, 1, 4, 5}, {1, 5, 3,
     ------------------------------------------------------------------------
     4, 2, 0}, {5, 0, 4, 2, 3, 1}, {4, 0, 5, 2, 1, 3}, {2, 5, 0, 4, 1, 3},
     ------------------------------------------------------------------------
     {4, 3, 5, 1, 2, 0}, {2, 4, 0, 5, 3, 1}, {3, 0, 1, 2, 5, 4}, {5, 3, 4, 1,
     ------------------------------------------------------------------------
     0, 2}, {1, 2, 3, 0, 5, 4}, {1, 0, 3, 2, 4, 5}, {3, 2, 1, 0, 4, 5}, {5,
     ------------------------------------------------------------------------
     2, 4, 0, 1, 3}, {4, 2, 5, 0, 3, 1}, {3, 4, 1, 5, 2, 0}, {3, 5, 1, 4, 0,
     ------------------------------------------------------------------------
     2}, {5, 1, 4, 3, 2, 0}, {4, 1, 5, 3, 0, 2}, {0, 5, 2, 4, 3, 1}, {0, 3,
     ------------------------------------------------------------------------
     2, 1, 5, 4}, {2, 1, 0, 3, 5, 4}, {0, 4, 2, 5, 1, 3}}

o2 : List

i3 : tal := tally apply (H,h->conjugacyClass h);

i4 : partis = partitions 6;

i5 : time multi = hashTable apply (partis, p-> p=> representationMultiplicity(tal,p))
     -- used 0.296426 seconds

o5 = HashTable{Partition{1, 1, 1, 1, 1, 1} => 1}
               Partition{2, 1, 1, 1, 1} => 0
               Partition{2, 2, 1, 1} => 1
               Partition{2, 2, 2} => 1
               Partition{3, 1, 1, 1} => 0
               Partition{3, 2, 1} => 0
               Partition{3, 3} => 1
               Partition{4, 1, 1} => 0
               Partition{4, 2} => 1
               Partition{5, 1} => 0
               Partition{6} => 1

o5 : HashTable

i6 : sum (partis, p -> multi#p * hookLengthFormula p)

o6 = 30

i7 : 
