-- -*- M2-comint -*- hash: 1302749020

i1 : A = ZZ/101[a..d];

i2 : I = monomialCurveIdeal(A,{1,3,4})

                        3      2     2    2    3    2
o2 = ideal (b*c - a*d, c  - b*d , a*c  - b d, b  - a c)

o2 : Ideal of A

i3 : R = A/I;

i4 : (F,G) = makeS2 R

                                         ZZ                                  
                                        ---[w   , a..d]                      
                                        101  0,0                             
o4 = (map (------------------------------------------------------------------
                                2                                     2   2  
           (b*c - a*d, w   d - c , w   c - b*d, w   b - a*c, w   a - b , w   
                        0,0         0,0          0,0          0,0         0,0
     ------------------------------------------------------------------------
                                            
                                            
                                            
     -------, R, {a, b, c, d}), map (frac R,
                                            
      - a*d)                                
                                            
     ------------------------------------------------------------------------
         /                              ZZ                                   
         |                             ---[w   , a..d]                       
         |                             101  0,0                              
     frac|-------------------------------------------------------------------
         |                     2                                     2   2   
         |(b*c - a*d, w   d - c , w   c - b*d, w   b - a*c, w   a - b , w    
         \             0,0         0,0          0,0          0,0         0,0 
     ------------------------------------------------------------------------
           \
           |
           |   b*d
     ------|, {---, a, b, c, d}))
           |    c
     - a*d)|
           /

o4 : Sequence

i5 : 
