-- -*- M2-comint -*- hash: 1731491104

i1 : R = QQ[x,y]/ideal(x^4,x^3*y,x*y^3)

o1 = R

o1 : QuotientRing

i2 : ER = extAlgebra(R,z,DegreeLimit=>(5,10));
Using numthreads = 0
Using numthreads = 0
Using numthreads = 0
Using numthreads = 0
Using numthreads = 0
Using numthreads = 0

i3 : degrees ER

o3 = {{1}, {1}, {2}, {2}, {2}, {3}}

o3 : List

i4 : ideal ER

             2                2
o4 = ideal (z , z z  + z z , z , - z z  + z z , - z z  - z z  + z z  + z z ,
             1   1 2    2 1   2     1 3    3 1     1 4    2 3    3 2    4 1 
     ------------------------------------------------------------------------
     - z z  + z z , - z z  + z z , - z z  + z z , z z  + z z , z z  + z z )
        2 4    4 2     1 5    5 1     2 5    5 2   1 6    6 1   2 6    6 2

o4 : Ideal of QQ <|z , z , z , z , z , z |>
                    1   2   3   4   5   6

i5 : ER.cache#"extMaps"#(z_4)

          1                   4
o5 = 0 : R  <--------------- R  : 2
               | 0 0 1 0 |

          2                               8
     1 : R  <--------------------------- R  : 3
               {1} | 0 0 0 1 0 0 0 0 |
               {1} | 0 0 1 0 0 0 0 0 |

          4                                                  16
     2 : R  <---------------------------------------------- R   : 4
               {2} | 0 -1 0 0 0 0 0 0 y2 0 0 x2 0 0 0 0 |
               {4} | 0 0  0 0 0 0 0 0 1  0 0 0  0 0 0 0 |
               {4} | 0 0  0 0 0 0 0 0 0  0 0 1  0 0 0 0 |
               {4} | 0 0  0 0 0 0 0 0 0  0 0 0  0 0 1 0 |

          8                                                                                 32
     3 : R  <----------------------------------------------------------------------------- R   : 5
               {5} | 0 0 0 0 0 0 0 1 0 0 0  0 0 0 0 0 0 0 0 0 0 0 0 0 0 0 0 0 0 0 0  0 |
               {5} | 0 0 0 1 0 0 0 0 0 0 0  0 0 0 0 0 0 0 0 0 0 0 0 0 0 0 0 0 0 0 0  0 |
               {5} | 0 0 0 0 0 0 0 0 0 0 0  0 0 0 1 0 0 0 0 0 0 0 0 0 0 0 0 0 0 0 0  0 |
               {5} | 0 0 0 0 0 0 0 0 0 0 0  0 0 0 0 0 0 0 0 0 0 1 0 0 0 0 0 0 0 0 0  0 |
               {5} | 0 0 0 0 0 0 0 0 0 0 0  0 0 0 0 0 0 1 0 0 0 0 0 0 0 0 0 0 0 0 0  0 |
               {5} | 0 0 0 0 0 0 0 0 0 0 -1 0 0 0 0 0 0 0 0 0 0 1 0 0 0 0 0 0 0 0 0  0 |
               {5} | 0 0 0 0 0 0 0 0 0 0 0  0 0 0 0 0 0 0 0 0 0 0 0 0 1 0 0 0 0 0 0  0 |
               {6} | 0 0 0 0 0 0 0 0 0 0 0  0 0 0 0 0 0 0 0 0 0 0 0 0 0 0 0 0 0 0 -1 0 |

o5 : ComplexMap

i6 : 
