-- -*- M2-comint -*- hash: -71374433

i1 : A = QQ<|x,y,z|>

o1 = A

o1 : FreeAlgebra

i2 : ncHilbertSeries(A,Order=>10)

        1
o2 = ------
     1 - 3T

o2 : Expression of class Divide

i3 : A = QQ<|x,y,z,Degrees=>{1,2,3}|>

o3 = A

o3 : FreeAlgebra

i4 : ncHilbertSeries(A,Order=>10)

             1
o4 = -----------------
               2    3
     1 - (T + T  + T )

o4 : Expression of class Divide

i5 : B = threeDimSklyanin(QQ,{1,1,-1},{x,y,z})
Using numthreads = 0

o5 = B

o5 : FreeAlgebraQuotient

i6 : ncHilbertSeries(B,Order=>10)
Using numthreads = 0
Using numthreads = 0
Using numthreads = 0
Using numthreads = 0

         1
o6 = --------
            3
     (1 - T)

o6 : Expression of class Divide

i7 : 
