-- -*- M2-comint -*- hash: 696197418

i1 : B = threeDimSklyanin(QQ,{1,1,-1},{x,y,z})
Using numthreads = 0

o1 = B

o1 : FreeAlgebraQuotient

i2 : ncBasis(2,B)

o2 = | yx y2 yz zx zy z2 |

             1       6
o2 : Matrix B  <--- B

i3 : normalElements(B,2,r)

             2                  2
o3 = ({y*x, y , y*z, z*x, z*y, z }, {})

o3 : Sequence

i4 : normalElements(B,3,t)

        2    3                          2          2    2    3
o4 = ({y x, y , y*z*x, y*z*y, z*y*x, z*y , z*y*z, z x, z y, z }, {})

o4 : Sequence

i5 : g = -y^3-z*y*x+y*z*x+z^3

        3                    3
o5 = - y  + y*z*x - z*y*x + z

o5 : B

i6 : isCentral g

o6 = true

i7 : 
