-- -*- M2-comint -*- hash: -2039682865

i1 : R = QQ[x_0..x_7]

o1 = R

o1 : PolynomialRing

i2 : I = intersect(ideal(x_0,x_1,x_2,x_3), ideal(x_4,x_5,x_6,x_7), ideal(x_0,x_2,x_4,x_6), ideal(x_1,x_3,x_5,7))

o2 = ideal (x x , x x , x x , x x , x x , x x , x x , x x , x x , x x , x x ,
             2 7   0 7   3 6   2 6   1 6   0 6   2 5   0 5   3 4   2 4   1 4 
     ------------------------------------------------------------------------
     x x )
      0 4

o2 : Ideal of R

i3 : elapsedTime regSeqInIdeal I
 -- 0.089738 seconds elapsed

o3 = ideal (x x , x x  + x x , x x  + x x , x x  + x x )
             2 7   3 6    0 7   2 5    0 7   1 4    0 7

o3 : Ideal of R

i4 : R = QQ[h,l,s,x,y,z]

o4 = R

o4 : PolynomialRing

i5 : I = ideal(h*l-l^2-4*l*s+h*y,h^2*s-6*l*s^3+h^2*z,x*h^2-l^2*s-h^3,h^8,l^8,s^8)

                   2                     3    2     2      3    2     2    8 
o5 = ideal (h*l - l  - 4l*s + h*y, - 6l*s  + h s + h z, - h  - l s + h x, h ,
     ------------------------------------------------------------------------
      8   8
     l , s )

o5 : Ideal of R

i6 : isSubset(I, ideal(s,l,h)) -- implies codim I == 3

o6 = true

i7 : elapsedTime regSeqInIdeal(I, 3, 3, 1)
 -- 0.0144605 seconds elapsed

                   2                3    2     2    8    3    2     2
o7 = ideal (h*l - l  - 4l*s + h*y, h  + l s - h x, s  + h  + l s - h x)

o7 : Ideal of R

i8 : 
