-- -*- M2-comint -*- hash: 2029291229

i1 : S = ZZ/101[a..d]

o1 = S

o1 : PolynomialRing

i2 : I = ideal(a*c, a*b, a^2, c^3, b*c^2, b^2*c, b^3)

                       2   3     2   2    3
o2 = ideal (a*c, a*b, a , c , b*c , b c, b )

o2 : Ideal of S

i3 : B = betti res I

            0 1  2 3
o3 = total: 1 7 10 4
         0: 1 .  . .
         1: . 3  3 1
         2: . 4  7 3

o3 : BettiTally

i4 : smallerBettiTables B

             0 1  2 3         0 1 2 3         0 1 2 3         0 1 2 3        
o4 = {total: 1 7 10 4, total: 1 7 9 3, total: 1 6 9 4, total: 1 6 8 3, total:
          0: 1 .  . .      0: 1 . . .      0: 1 . . .      0: 1 . . .      0:
          1: . 3  3 1      1: . 3 3 .      1: . 3 2 1      1: . 3 2 .      1:
          2: . 4  7 3      2: . 4 6 3      2: . 3 7 3      2: . 3 6 3      2:
     ------------------------------------------------------------------------
     0 1 2 3         0 1 2 3         0 1 2 3         0 1 2 3
     1 5 8 4, total: 1 5 7 3, total: 1 4 7 4, total: 1 4 6 3}
     1 . . .      0: 1 . . .      0: 1 . . .      0: 1 . . .
     . 3 1 1      1: . 3 1 .      1: . 3 . 1      1: . 3 . .
     . 2 7 3      2: . 2 6 3      2: . 1 7 3      2: . 1 6 3

o4 : List

i5 : netList pack(4, oo)

     +---------------+--------------+--------------+--------------+
     |       0 1  2 3|       0 1 2 3|       0 1 2 3|       0 1 2 3|
o5 = |total: 1 7 10 4|total: 1 7 9 3|total: 1 6 9 4|total: 1 6 8 3|
     |    0: 1 .  . .|    0: 1 . . .|    0: 1 . . .|    0: 1 . . .|
     |    1: . 3  3 1|    1: . 3 3 .|    1: . 3 2 1|    1: . 3 2 .|
     |    2: . 4  7 3|    2: . 4 6 3|    2: . 3 7 3|    2: . 3 6 3|
     +---------------+--------------+--------------+--------------+
     |       0 1 2 3 |       0 1 2 3|       0 1 2 3|       0 1 2 3|
     |total: 1 5 8 4 |total: 1 5 7 3|total: 1 4 7 4|total: 1 4 6 3|
     |    0: 1 . . . |    0: 1 . . .|    0: 1 . . .|    0: 1 . . .|
     |    1: . 3 1 1 |    1: . 3 1 .|    1: . 3 . 1|    1: . 3 . .|
     |    2: . 2 7 3 |    2: . 2 6 3|    2: . 1 7 3|    2: . 1 6 3|
     +---------------+--------------+--------------+--------------+

i6 : 
