-- -*- M2-comint -*- hash: 385445627

i1 : SpGr24 = generalizedFlagVariety("C",2,{2})

o1 = a "GKM variety" with an action of a 2-dimensional torus

o1 : GKMVariety

i2 : O1 = ampleKClass SpGr24

o2 = an "equivariant K-class" on a GKM variety 

o2 : KClass

i3 : peek O1

o3 = KClass{variety => a "GKM variety" with an action of a 2-dimensional torus}
                                                         -1 -1
            KPolynomials => HashTable{{set {0*, 1*}} => T  T  }
                                                         0  1
                                                        -1
                                      {set {0*, 1}} => T  T
                                                        0  1
                                                          -1
                                      {set {0, 1*}} => T T
                                                        0 1
                                      {set {0, 1}} => T T
                                                       0 1

i4 : 
