-- -*- M2-comint -*- hash: -1799183251

i1 : R = makeCharacterRing 3

o1 = R

o1 : PolynomialRing

i2 : X = generalizedFlagVariety("B",3,{1,2},R);

i3 : Y1 = generalizedFlagVariety("B",3,{2},R);

i4 : Y2 = generalizedFlagVariety("B",3,{1},R);

i5 : peek flagMap(X,Y1)

o5 = EquivariantMap{cache => CacheTable{}                                            }
                    ptsMap => HashTable{{set {0*}, set {0*, 1*}} => {set {0*, 1*}}}
                                        {set {0*}, set {0*, 1}} => {set {0*, 1}}
                                        {set {0*}, set {0*, 2*}} => {set {0*, 2*}}
                                        {set {0*}, set {0*, 2}} => {set {0*, 2}}
                                        {set {0}, set {0, 1*}} => {set {0, 1*}}
                                        {set {0}, set {0, 1}} => {set {0, 1}}
                                        {set {0}, set {0, 2*}} => {set {0, 2*}}
                                        {set {0}, set {0, 2}} => {set {0, 2}}
                                        {set {1*}, set {0*, 1*}} => {set {0*, 1*}}
                                        {set {1*}, set {0, 1*}} => {set {0, 1*}}
                                        {set {1*}, set {1*, 2*}} => {set {1*, 2*}}
                                        {set {1*}, set {1*, 2}} => {set {1*, 2}}
                                        {set {1}, set {0*, 1}} => {set {0*, 1}}
                                        {set {1}, set {0, 1}} => {set {0, 1}}
                                        {set {1}, set {1, 2*}} => {set {1, 2*}}
                                        {set {1}, set {1, 2}} => {set {1, 2}}
                                        {set {2*}, set {0*, 2*}} => {set {0*, 2*}}
                                        {set {2*}, set {0, 2*}} => {set {0, 2*}}
                                        {set {2*}, set {1*, 2*}} => {set {1*, 2*}}
                                        {set {2*}, set {1, 2*}} => {set {1, 2*}}
                                        {set {2}, set {0*, 2}} => {set {0*, 2}}
                                        {set {2}, set {0, 2}} => {set {0, 2}}
                                        {set {2}, set {1*, 2}} => {set {1*, 2}}
                                        {set {2}, set {1, 2}} => {set {1, 2}}
                    source => a "GKM variety" with an action of a 3-dimensional torus
                    target => a "GKM variety" with an action of a 3-dimensional torus

i6 : peek flagMap(X,Y2)

o6 = EquivariantMap{cache => CacheTable{}                                            }
                    ptsMap => HashTable{{set {0*}, set {0*, 1*}} => {set {0*}}}
                                        {set {0*}, set {0*, 1}} => {set {0*}}
                                        {set {0*}, set {0*, 2*}} => {set {0*}}
                                        {set {0*}, set {0*, 2}} => {set {0*}}
                                        {set {0}, set {0, 1*}} => {set {0}}
                                        {set {0}, set {0, 1}} => {set {0}}
                                        {set {0}, set {0, 2*}} => {set {0}}
                                        {set {0}, set {0, 2}} => {set {0}}
                                        {set {1*}, set {0*, 1*}} => {set {1*}}
                                        {set {1*}, set {0, 1*}} => {set {1*}}
                                        {set {1*}, set {1*, 2*}} => {set {1*}}
                                        {set {1*}, set {1*, 2}} => {set {1*}}
                                        {set {1}, set {0*, 1}} => {set {1}}
                                        {set {1}, set {0, 1}} => {set {1}}
                                        {set {1}, set {1, 2*}} => {set {1}}
                                        {set {1}, set {1, 2}} => {set {1}}
                                        {set {2*}, set {0*, 2*}} => {set {2*}}
                                        {set {2*}, set {0, 2*}} => {set {2*}}
                                        {set {2*}, set {1*, 2*}} => {set {2*}}
                                        {set {2*}, set {1, 2*}} => {set {2*}}
                                        {set {2}, set {0*, 2}} => {set {2}}
                                        {set {2}, set {0, 2}} => {set {2}}
                                        {set {2}, set {1*, 2}} => {set {2}}
                                        {set {2}, set {1, 2}} => {set {2}}
                    source => a "GKM variety" with an action of a 3-dimensional torus
                    target => a "GKM variety" with an action of a 3-dimensional torus

i7 : 
