-- -*- M2-comint -*- hash: -1527275540

i1 : divisorPoset 12

o1 = Relation Matrix: | 1 1 1 1 1 1 |
                      | 0 1 0 1 1 1 |
                      | 0 0 1 0 1 1 |
                      | 0 0 0 1 0 1 |
                      | 0 0 0 0 1 1 |
                      | 0 0 0 0 0 1 |

o1 : Poset

i2 : divisorPoset 30

o2 = Relation Matrix: | 1 1 1 1 1 1 1 1 |
                      | 0 1 0 0 1 1 0 1 |
                      | 0 0 1 0 1 0 1 1 |
                      | 0 0 0 1 0 1 1 1 |
                      | 0 0 0 0 1 0 0 1 |
                      | 0 0 0 0 0 1 0 1 |
                      | 0 0 0 0 0 0 1 1 |
                      | 0 0 0 0 0 0 0 1 |

o2 : Poset

i3 : 
