-- -*- M2-comint -*- hash: -203304826

i1 : hibiRing booleanLattice 2

     QQ[t  , t   , t      , t         , t      , t            ]
         {}   {0}   {0, 1}   {0, 1, 2}   {0, 2}   {0, 1, 2, 3}
o1 = ----------------------------------------------------------
                   t   t          - t      t
                    {0} {0, 1, 2}    {0, 1} {0, 2}

o1 : QuotientRing

i2 : hibiRing chain 4

o2 = QQ[t  , t   , t      , t         , t            ]
         {}   {0}   {0, 1}   {0, 1, 2}   {0, 1, 2, 3}

o2 : PolynomialRing

i3 : hibiRing(divisorPoset 6, Strategy => "4ti2")

     QQ[t  , t   , t      , t         , t      , t            ]
         {}   {0}   {0, 1}   {0, 1, 2}   {0, 2}   {0, 1, 2, 3}
o3 = ----------------------------------------------------------
                  - t   t          + t      t
                     {0} {0, 1, 2}    {0, 1} {0, 2}

o3 : QuotientRing

i4 : 
