-- -*- M2-comint -*- hash: 1824157069

i1 : R = QQ[x,y,z];

i2 : standardMonomialPoset monomialIdeal(x^2, y^2, z^2, x*y*z)

o2 = Relation Matrix: | 1 1 1 1 1 1 1 |
                      | 0 1 1 1 0 0 0 |
                      | 0 0 1 0 0 0 0 |
                      | 0 0 0 1 0 0 0 |
                      | 0 0 1 0 1 1 0 |
                      | 0 0 0 0 0 1 0 |
                      | 0 0 0 1 0 1 1 |

o2 : Poset

i3 : standardMonomialPoset(monomialIdeal(x^4, y^4, z^4, x*y*z), 3, 4)

o3 = Relation Matrix: | 1 1 1 0 0 0 0 0 0 0 0 0 0 0 0 0 0 0 |
                      | 0 1 0 0 0 0 0 0 0 0 0 0 0 0 0 0 0 0 |
                      | 0 0 1 0 0 0 0 0 0 0 0 0 0 0 0 0 0 0 |
                      | 0 1 0 1 1 0 0 0 0 0 0 0 0 0 0 0 0 0 |
                      | 0 0 0 0 1 0 0 0 0 0 0 0 0 0 0 0 0 0 |
                      | 0 0 1 0 0 1 1 0 0 0 0 0 0 0 0 0 0 0 |
                      | 0 0 0 0 0 0 1 0 0 0 0 0 0 0 0 0 0 0 |
                      | 0 0 0 0 1 0 0 1 1 0 0 0 0 0 0 0 0 0 |
                      | 0 0 0 0 0 0 0 0 1 0 0 0 0 0 0 0 0 0 |
                      | 0 0 0 0 0 0 1 0 0 1 1 0 0 0 0 0 0 0 |
                      | 0 0 0 0 0 0 0 0 0 0 1 0 0 0 0 0 0 0 |
                      | 0 0 0 0 0 0 0 0 1 0 0 1 1 0 0 0 0 0 |
                      | 0 0 0 0 0 0 0 0 0 0 0 0 1 0 0 0 0 0 |
                      | 0 0 0 0 0 0 0 0 0 0 0 0 1 1 1 0 0 0 |
                      | 0 0 0 0 0 0 0 0 0 0 0 0 0 0 1 0 0 0 |
                      | 0 0 0 0 0 0 0 0 0 0 0 0 0 0 1 1 1 0 |
                      | 0 0 0 0 0 0 0 0 0 0 0 0 0 0 0 0 1 0 |
                      | 0 0 0 0 0 0 0 0 0 0 1 0 0 0 0 0 1 1 |

o3 : Poset

i4 : 
