-- -*- M2-comint -*- hash: -515344020

i1 : texPoset booleanLattice 2

o1 = \begin{tikzpicture}[scale=1, vertices/.style={draw, fill=black, circle, inner sep=0pt}]
             \node [vertices] (0) at (-0+0,0){};
             \node [vertices] (1) at (-.75+0,1.33333){};
             \node [vertices] (2) at (-.75+1.5,1.33333){};
             \node [vertices] (3) at (-0+0,2.66667){};
     \foreach \to/\from in {0/1, 2/3, 0/2, 1/3}
     \draw [-] (\to)--(\from);
     \end{tikzpicture}


i2 : texPoset(booleanLattice 2, Jitter => true)

o2 = \begin{tikzpicture}[scale=1, vertices/.style={draw, fill=black, circle, inner sep=0pt}]
             \node [vertices] (0) at (-0+.267814,0){};
             \node [vertices] (1) at (-.75+.202018,1.33333){};
             \node [vertices] (2) at (-.75+1.58819,1.33333){};
             \node [vertices] (3) at (-0+.189883,2.66667){};
     \foreach \to/\from in {0/1, 2/3, 0/2, 1/3}
     \draw [-] (\to)--(\from);
     \end{tikzpicture}


i3 : 
