-- -*- M2-comint -*- hash: 1462338817

i1 : x = hashTable {"foo" => {1, 2, {pi, true, false, nil}}}

o1 = HashTable{foo => {1, 2, {pi, true, false, nil}}}

o1 : HashTable

i2 : toJSON x

o2 = {"foo": [1, 2, [3.14159265358979, true, false, null]]}

i3 : toJSON(x, Indent => 2)

o3 = {
       "foo": [
         1,
         2,
         [
           3.14159265358979,
           true,
           false,
           null
         ]
       ]
     }

i4 : toJSON(x, Indent => "\t")

o4 = {
             "foo": [
                     1,
                     2,
                     [
                             3.14159265358979,
                             true,
                             false,
                             null
                     ]
             ]
     }

i5 : toJSON(x, ValueSeparator => " , ")

o5 = {"foo": [1 , 2 , [3.14159265358979 , true , false , null]]}

i6 : toJSON(x, NameSeparator => " : ")

o6 = {"foo" : [1, 2, [3.14159265358979, true, false, null]]}

i7 : toJSON(hashTable{"foo" => 1, "bar" => 2, "baz" => 3}, Sort => true)

o7 = {"bar": 2, "baz": 3, "foo": 1}

i8 : 
