-- -*- M2-comint -*- hash: -121266041

i1 : (S,E) = productOfProjectiveSpaces{1,2}

o1 = (S, E)

o1 : Sequence

i2 : M = S^1

      1
o2 = S

o2 : S-module, free

i3 : low = {-3,-3};high={0,0};

i5 : cohomologyMatrix(M,low,high)

o5 = | 2h  h  0 1  |
     | 0   0  0 0  |
     | 0   0  0 0  |
     | 2h3 h3 0 h2 |

                      4                4
o5 : Matrix (ZZ[h, k])  <--- (ZZ[h, k])

i6 : M = S^1/ideal(x_(0,0), x_(1,0)^3+x_(1,1)^3+x_(1,2)^3)

o6 = cokernel | x_(0,0) x_(1,0)^3+x_(1,1)^3+x_(1,2)^3 |

                            1
o6 : S-module, quotient of S

i7 : low = {-3,-3};high={0,0};

i9 : cohomologyMatrix(M,low,high)

o9 = | h+1 h+1 h+1 h+1 |
     | 3h  3h  3h  3h  |
     | 6h  6h  6h  6h  |
     | 9h  9h  9h  9h  |

                      4                4
o9 : Matrix (ZZ[h, k])  <--- (ZZ[h, k])

i10 : 
