-- -*- M2-comint -*- hash: 115461932

i1 : R = QQ[x_1..x_4]

o1 = R

o1 : PolynomialRing

i2 : W = matrix{{0,1,-1,1},{1,0,-1,-1}}

o2 = | 0 1 -1 1  |
     | 1 0 -1 -1 |

              2        4
o2 : Matrix ZZ  <--- ZZ

i3 : T = diagonalAction(W, R)

             * 2
o3 = R <- (QQ )  via 

     | 0 1 -1 1  |
     | 1 0 -1 -1 |

o3 : DiagonalAction

i4 : R = QQ[x_1..x_3]

o4 = R

o4 : PolynomialRing

i5 : d = {3,3}

o5 = {3, 3}

o5 : List

i6 : W = matrix{{1,0,1},{0,1,1}}

o6 = | 1 0 1 |
     | 0 1 1 |

              2        3
o6 : Matrix ZZ  <--- ZZ

i7 : A = diagonalAction(W, d, R)

o7 = R <- ZZ/3 x ZZ/3 via 

     | 1 0 1 |
     | 0 1 1 |

o7 : DiagonalAction

i8 : 
