-- -*- M2-comint -*- hash: 1117497085

i1 : R = (GF 9)[x, y]

o1 = R

o1 : PolynomialRing

i2 : W = matrix {{7, -5}}

o2 = | 7 -5 |

              1        2
o2 : Matrix ZZ  <--- ZZ

i3 : T = diagonalAction(W, R)

                *
o3 = R <- (GF 9)  via 

     | 7 -5 |

o3 : DiagonalAction

i4 : invariantRing(T,UseCoefficientRing => true)

o4 =         3   3    8   8
     GF 9[x*y , x y, y , x ]

o4 : RingOfInvariants

i5 : invariantRing T

o5 =       5 7
     GF 9[x y ]

o5 : RingOfInvariants

i6 : 
