-- -*- M2-comint -*- hash: 2096070505

i1 : R = QQ[x,y,z];

i2 : I = ideal(x,y,z);

o2 : Ideal of R

i3 : J = janetBasis I

     +-+---------+
o3 = |z|{z}      |
     +-+---------+
     |y|{z, y}   |
     +-+---------+
     |x|{z, y, x}|
     +-+---------+

o3 : InvolutiveBasis

i4 : invSyzygies J

     +------+---------+
o4 = ||  x ||{z, y, x}|
     ||  0 ||         |
     || -z ||         |
     +------+---------+
     ||  y ||{z, y}   |
     || -z ||         |
     ||  0 ||         |
     +------+---------+
     ||  0 ||{z, y, x}|
     ||  x ||         |
     || -y ||         |
     +------+---------+

o4 : InvolutiveBasis

i5 : 
