-- -*- M2-comint -*- hash: 106916139

i1 : M1 = matrix {{1, 2}, {5, 6}, {9, 10}}

o1 = | 1 2  |
     | 5 6  |
     | 9 10 |

              3        2
o1 : Matrix ZZ  <--- ZZ

i2 : M2 = matrix {{3, 4}, {7, 8}, {11, 12}}

o2 = | 3  4  |
     | 7  8  |
     | 11 12 |

              3        2
o2 : Matrix ZZ  <--- ZZ

i3 : M3 = matrix {{13, 14}, {17, 18}}

o3 = | 13 14 |
     | 17 18 |

              2        2
o3 : Matrix ZZ  <--- ZZ

i4 : M4 = matrix {{15, 16}, {19, 20}}

o4 = | 15 16 |
     | 19 20 |

              2        2
o4 : Matrix ZZ  <--- ZZ

i5 : G = superMatrixGenerator(M1, M2, M3, M4)

o5 = SuperMatrix{...1...}

o5 : SuperMatrix

i6 : G.supermatrix

o6 = | 1  2  3  4  |
     | 5  6  7  8  |
     | 9  10 11 12 |
     | 13 14 15 16 |
     | 17 18 19 20 |

              5        4
o6 : Matrix ZZ  <--- ZZ

i7 : 
