-- -*- M2-comint -*- hash: 1695881320

i1 : M1 = matrix{{5, 7}, {1, 2}};

              2        2
o1 : Matrix ZZ  <--- ZZ

i2 : M2 = matrix{{1, 2, 3}, {4, 5, 6}};

              2        3
o2 : Matrix ZZ  <--- ZZ

i3 : M3 = matrix{{3, 4}, {5, 6}, {7, 8}};

              3        2
o3 : Matrix ZZ  <--- ZZ

i4 : M4 = matrix{{2, 3, 11}, {4, 5, 6}, {7, 8, 9}};

              3        3
o4 : Matrix ZZ  <--- ZZ

i5 : G = superMatrixGenerator(M1, M2, M3, M4);

i6 : inverseSuperMatrix(G, QQ)

o6 = | -1 -3/4  0    11/4    -1     |
     | 1  1/2   0    -5/2    1      |
     | 1  5/84  1/7  -139/28 58/21  |
     | -1 11/84 -2/7 131/28  -53/21 |
     | 0  -1/42 1/7  -3/14   2/21   |

              5        5
o6 : Matrix QQ  <--- QQ

i7 : 
