-- -*- M2-comint -*- hash: 463432168

i1 : cassou(RR_53)

        4 3      4 2       4   2     4 3     2 2       2           2 2   
o1 = {6b c  + 21b c d + 15b c*d  + 9b d  - 8b c e - 28b c*d*e + 36b d e -
     ------------------------------------------------------------------------
         2        2           4 4      4 3       4 2 2      4   3      2 3   
     144b c - 648b d - 120, 9b c  + 30b c d + 39b c d  + 18b c*d  - 24b c e -
     ------------------------------------------------------------------------
        2 2         2   2       2 3        2 2       2          2 2      2 2
     16b c d*e + 16b c*d e + 24b d e - 432b c  - 720b c*d - 432b d  + 16c e 
     ------------------------------------------------------------------------
              2      2 2                                       2 3   
     - 32c*d*e  + 16d e  + 576c*e - 576d*e - 240c + 5184, - 15b c e +
     ------------------------------------------------------------------------
        2 2         2 2       2          2 2      2 2          2      2 2  
     15b c d*e - 81b c  + 216b c*d - 162b d  + 40c e  - 80c*d*e  + 40d e  +
     ------------------------------------------------------------------------
                                   2 2     2        2 2
     1008c*e - 1008d*e + 5184, - 4b c  + 4b c*d - 3b d  + 22c*e - 22d*e +
     ------------------------------------------------------------------------
     261}

o1 : List

i2 : 
