-- -*- M2-comint -*- hash: -346754465

i1 : quadgrid(RR_53)

                                                                        
o1 = {w  + w  + w  + w  - 1, w b + w b + w b + w b + .5w  + w  + 1.5w  -
       0    1    2    3       0     1     2     3       1    2       3  
     ------------------------------------------------------------------------
                 2      2      2      2                                   
     .633975, w b  + w b  + w b  + w b  + w b + 2w b + 3w b + .25w  + w  +
               0      1      2      3      1      2      3        1    2  
     ------------------------------------------------------------------------
                         3      3      3      3         2       2         2  
     4.5w  - .401924, w b  + w b  + w b  + w b  + 1.5w b  + 3w b  + 4.5w b  +
         3             0      1      2      3         1       2         3    
     ------------------------------------------------------------------------
                                                                   4      4  
     .75w b + 3w b + 6.75w b + .125w  + w  + 3.375w  - .131092, w b  + w b  +
         1      2         3         1    2         3             0      1    
     ------------------------------------------------------------------------
        4      4       3       3       3         2       2          2
     w b  + w b  + 2w b  + 4w b  + 6w b  + 1.5w b  + 6w b  + 13.5w b  + .5w b
      2      3       1       2       3         1       2          3        1 
     ------------------------------------------------------------------------
     + 4w b + 13.5w b + .0625w  + w  + 5.0625w  + .302193}
         2         3          1    2          3

o1 : List

i2 : 
