-- -*- M2-comint -*- hash: -1227023354

i1 : M=FdotBjIntMat(12)

o1 = | 3 -1 0  0  0  |
     | 0 2  -1 0  0  |
     | 1 -1 2  -1 0  |
     | 1 0  -1 2  -1 |
     | 1 0  0  -2 2  |

              5        5
o1 : Matrix QQ  <--- QQ

i2 : N=M^-1

o2 = | 2/11   2/11  2/11  2/11  1/11  |
     | -5/11  6/11  6/11  6/11  3/11  |
     | -10/11 1/11  12/11 12/11 6/11  |
     | -13/11 -2/11 9/11  20/11 10/11 |
     | -14/11 -3/11 8/11  19/11 15/11 |

              5        5
o2 : Matrix QQ  <--- QQ

i3 : v=N*(matrix{{1},{0},{0},{0},{0}})

o3 = | 2/11   |
     | -5/11  |
     | -10/11 |
     | -13/11 |
     | -14/11 |

              5        1
o3 : Matrix QQ  <--- QQ

i4 : D=symmetricDivisorM0nbar(12,flatten entries v)

      2       5      10      13      14
o4 = --*B  - --*B  - --*B  - --*B  - --*B
     11  2   11  3   11  4   11  5   11  6

o4 : S_12-symmetric divisor on M-0-12-bar

i5 : symmetricCurveDotDivisorM0nbar({1,1,1,9},D)

o5 = 1

o5 : QQ

i6 : apply(5, i-> symmetricCurveDotDivisorM0nbar({1,1,i+1,12-i-3},D))

o6 = {1, 0, 0, 0, 0}

o6 : List

i7 : 
