-- -*- M2-comint -*- hash: 1128570221

i1 : Gc = flagBundle({3,2}, VariableNames => {,c})

o1 = Gc

o1 : a flag bundle with subquotient ranks {3, 2}

i2 : (Sc,Qc) = bundles Gc

o2 = (Sc, Qc)

o2 : Sequence

i3 : B = symmetricPower(5,Qc)

o3 = B

o3 : an abstract sheaf of rank 6 on Gc

i4 : c6 = chern(rank B,B)

          3
o4 = 2875c
          2

                                      QQ[][H   ..H   , c ..c ]
                                            1,1   1,3   1   2
o4 : -----------------------------------------------------------------------------------------
     (- H    - c , - H    - H   c  - c , - H    - H   c  - H   c , - H   c  - H   c , -H   c )
         1,1    1     1,2    1,1 1    2     1,3    1,2 1    1,1 2     1,3 1    1,2 2    1,3 2

i5 : integral c6

o5 = 2875

i6 : 
