-- -*- M2-comint -*- hash: -1220018814

i1 : betti res carpet(2,5)

            0  1  2  3  4  5 6
o1 = total: 1 15 49 70 49 15 1
         0: 1  .  .  .  .  . .
         1: . 15 35 35 14  . .
         2: .  . 14 35 35 15 .
         3: .  .  .  .  .  . 1

o1 : BettiTally

i2 : S = ZZ/101[a..j]

o2 = S

o2 : PolynomialRing

i3 : m = genericMatrix(S,a,2,5)

o3 = | a c e g i |
     | b d f h j |

             2       5
o3 : Matrix S  <--- S

i4 : I = carpet(2,3,m)

o4 = ideal (b*c - a*d, b*e - a*f, d*e - c*f, d*g - c*h - b*i + a*j, f*g - e*h
     ------------------------------------------------------------------------
     - d*i + c*j, h*i - g*j)

o4 : Ideal of S

i5 : L = primaryDecomposition I;

i6 : betti res L_0

            0  1  2  3 4
o6 = total: 1 10 20 15 4
         0: 1  .  .  . .
         1: . 10 20 15 4

o6 : BettiTally

i7 : betti res L_1

            0  1  2  3  4 5
o7 = total: 1 15 40 45 24 5
         0: 1  .  .  .  . .
         1: . 15 40 45 24 5

o7 : BettiTally

i8 : 
