-- -*- M2-comint -*- hash: -1427619998

i1 : a=4

o1 = 4

i2 : (d1,d2)=resonanceDet(a)
 -- 0.0300631 seconds elapsed
 -- 0.000034869 seconds elapsed
 -- 0.000087749 seconds elapsed
 -- 0.000076893 seconds elapsed
 -- 0.000135292 seconds elapsed
 -- 0.000109271 seconds elapsed
 -- 0.000123018 seconds elapsed
 -- 0.000027009 seconds elapsed
 -- 0.000080699 seconds elapsed
 -- 0.000099458 seconds elapsed
 -- 0.000104487 seconds elapsed
 -- 0.000100558 seconds elapsed
 -- 0.000096021 seconds elapsed
 -- 0.000086075 seconds elapsed
 -- 0.000113539 seconds elapsed
 -- 0.00007773 seconds elapsed
 -- 0.000026766 seconds elapsed
 -- 0.000078996 seconds elapsed
 -- 0.000026386 seconds elapsed
(number of blocks= , 18)
(size of the matrices, Tally{1 => 4})
                             2 => 6
                             3 => 2
                             4 => 6
       0 1
total: 1 1
    7: 1 1
(e )(-1)
  1
       0 1
total: 2 2
    7: 2 .
    8: . 2
    2
(e ) (e )(-1)
  1    2
       0 1
total: 2 2
    7: 2 .
    8: . .
    9: . 2
    2    2
(e ) (e )
  1    2
       0 1
total: 3 3
    7: 2 .
    8: 1 .
    9: . 1
   10: . 2
    2    4
(e ) (e ) (-3)
  1    2
       0 1
total: 4 4
    7: 1 .
    8: 1 .
    9: 2 2
   10: . 1
   11: . 1
    2    4
(e ) (e ) (3)
  1    2
       0 1
total: 4 4
    8: 1 .
    9: 2 1
   10: 1 2
   11: . 1
    2    3
(e ) (e ) (3)
  1    2
       0 1
total: 1 1
    9: 1 1
(e )(-1)
  1
       0 1
total: 2 2
    9: 1 1
   10: 1 1
    2
(e )
  1
       0 1
total: 4 4
    9: 2 1
   10: 1 1
   11: 1 2
    2    2
(e ) (e ) (-1)
  1    2
       0 1
total: 4 4
    9: 1 .
   10: 2 1
   11: 1 2
   12: . 1
    2    3
(e ) (e ) (3)
  1    2
       0 1
total: 4 4
    9: 1 .
   10: 1 .
   11: 2 2
   12: . 1
   13: . 1
    2    4
(e ) (e ) (3)
  1    2
       0 1
total: 4 4
    9: 2 1
   10: 1 1
   11: 1 2
    2    2
(e ) (e ) (-1)
  1    2
       0 1
total: 3 3
   10: 2 .
   11: 1 .
   12: . 1
   13: . 2
    2    4
(e ) (e ) (3)
  1    2
       0 1
total: 2 2
   10: 1 1
   11: 1 1
    2
(e )
  1
       0 1
total: 2 2
   11: 2 .
   12: . .
   13: . 2
    2    2
(e ) (e )
  1    2
       0 1
total: 1 1
   11: 1 1
(e )
  1
       0 1
total: 2 2
   12: 2 .
   13: . 2
    2
(e ) (e )(-1)
  1    2
       0 1
total: 1 1
   13: 1 1
(e )
  1

       6      32    32
o2 = (3 , (e )  (e )  )
            1     2

o2 : Sequence

i3 : 
