-- -*- M2-comint -*- hash: -652971381

i1 : s = GCstats()

o1 = HashTable{don't expand => false           }
               finalize on demand => false
               full freq => 19
               GC_ALL_INTERIOR_POINTERS => 
               GC_all_interior_pointers => 1
               GC_BACKTRACES => 
               GC_DISABLE_INCREMENTAL => 
               GC_DONT_GC => 
               GC_DUMP_REGULARLY => 
               GC_ENABLE_INCREMENTAL => 
               GC_FIND_LEAK => 
               GC_FORCE_UNMAP_ON_GCOLLECT => 
               GC_FREE_SPACE_DIVISOR => 
               GC_free_space_divisor => 12
               GC_FULL_FREQUENCY => 
               GC_IGNORE_GCJ_INFO => 
               GC_INITIAL_HEAP_SIZE => 
               GC_LARGE_ALLOC_WARN_INTERVAL => 
               GC_LOG_FILE => 
               GC_LOOP_ON_ABORT => 
               GC_MARKERS => 
               GC_MAXIMUM_HEAP_SIZE => 
               GC_NO_BLACKLIST_WARNING => 
               GC_NPROCS => 
               GC_PAUSE_TIME_TARGET => 
               GC_PRINT_ADDRESS_MAP => 
               GC_PRINT_BACK_HEIGHT => 
               GC_PRINT_STATS => 
               GC_PRINT_VERBOSE_STATS => 
               GC_RETRY_SIGNALS, => 
               GC_TRACE => 
               GC_UNMAP_THRESHOLD => 
               GC_USE_GETWRITEWATCH => 
               heap size => 114876416
               java finalization => true
               max retries => 0
               number of collections => 1035
               parallel => false
               time limit => 999999

o1 : HashTable

i2 : s#"heap size"

o2 = 114876416

i3 : 
