-- -*- M2-comint -*- hash: -1839572903

i1 : fn = temporaryFileName()

o1 = /private/tmp/M2-56815-0/0

i2 : fn << "f = x -> x+1\n" << close

o2 = /private/tmp/M2-56815-0/0

o2 : File

i3 : autoload(f,fn)

i4 : code f

o4 = ../../macaulay2-20230205-25510-hsiem6/M2-release-1.21/M2/Macaulay2/m2/autoload.m2:8:20-14:23: --source code:
          sym <- f := x -> (
               load filename;
               if f === value sym 
               then error("symbol '", toString sym, "' didn't acquire a new value in file '", filename, "'");
               (value sym) x
               );
          )
     | symbol     class              value                       location of symbol
     | ------     -----              -----                       ------------------                                                                         
     | f        : FunctionClosure -- ...                         ../../macaulay2-20230205-25510-hsiem6/M2-release-1.21/M2/Macaulay2/m2/autoload.m2:8:13-8:14
     | sym      : Symbol          -- f                           ../../macaulay2-20230205-25510-hsiem6/M2-release-1.21/M2/Macaulay2/m2/autoload.m2:6:29-6:32
     | filename : String          -- "/private/tmp/M2-56815-0/0" ../../macaulay2-20230205-25510-hsiem6/M2-release-1.21/M2/Macaulay2/m2/autoload.m2:6:33-6:41

i5 : f 4

o5 = 5

i6 : removeFile fn

i7 : 
