-- -*- M2-comint -*- hash: 1156841950

i1 : changeBase(255, 16)

o1 = ff

i2 : for n from 10 to 35 list changeBase(n, 36)

o2 = {a, b, c, d, e, f, g, h, i, j, k, l, m, n, o, p, q, r, s, t, u, v, w, x,
     ------------------------------------------------------------------------
     y, z}

o2 : List

i3 : for n from 10 to 61 list changeBase(n, 62)

o3 = {A, B, C, D, E, F, G, H, I, J, K, L, M, N, O, P, Q, R, S, T, U, V, W, X,
     ------------------------------------------------------------------------
     Y, Z, a, b, c, d, e, f, g, h, i, j, k, l, m, n, o, p, q, r, s, t, u, v,
     ------------------------------------------------------------------------
     w, x, y, z}

o3 : List

i4 : changeBase("ff", 16)

o4 = 255

i5 : changeBase("FF", 16)

o5 = 255

i6 : apply({"0b10", "0B10", "010", "0x10", "0X10", "10"}, s -> changeBase(s, 0))

o6 = {2, 2, 8, 16, 16, 10}

o6 : List

i7 : changeBase("ff", 16, 2)

o7 = 11111111

i8 : 
