-- -*- M2-comint -*- hash: 1544783996

i1 : code listUserSymbols

o1 = ../../../../Macaulay2/m2/debugging.m2:207:34-207:61: --source code:
     listUserSymbols = Command ( type -> listSymbols userSymbols type )

i2 : code(res,Ideal)

o2 = -- code for method: resolution(Ideal)
     ../../../../Macaulay2/m2/res.m2:309:42-311:52: --source code:
     resolution Ideal := ChainComplex => opts -> I -> resolution(
         if I.cache.?quotient then I.cache.quotient
         else I.cache.quotient = cokernel generators I, opts)

i3 : code(symbol :, Ideal, Ideal)

o3 = -- code for method: Ideal : Ideal
     ../../../../Macaulay2/packages/Saturation.m2:149:59-149:74: --source 
     Ideal  : Ideal                := Ideal  =>         (I, J) -> quotient
     ------------------------------------------------------------------------
     code:
     (I, J)

i4 : code methods use

o4 = -- code for method: use(Monoid)
     ../../../../Macaulay2/m2/monoids.m2:178:24-178:55: --source code:
     use        Monoid := M ->(if M.?use     then M.use M; M)
     ---------------------------------
     -- code for method: use(Package)
     ../../../../Macaulay2/m2/packages.m2:539:20-544:39: --source code:
     use Package := pkg -> (
         scan(nonnull pkg.Options.PackageExports, needsPackage);
         loadedPackages = prepend(pkg,            delete(pkg,            loadedPackages));
         dictionaryPath = prepend(pkg.Dictionary, delete(pkg.Dictionary, dictionaryPath));
         checkShadow();
         if pkg.?use then pkg.use pkg else pkg)
     ---------------------------------
     -- code for method: use(Ring)
     ../../../../Macaulay2/m2/enginering.m2:352:15-357:6: --source code:
     use Ring := R -> (
          if R.?ring then use R.ring;                            -- I'm not sure what this is for.  Which rings have this key?
          generators R;
          if R.?generators and R.?generatorSymbols then scan(R.generatorSymbols,R.generators,(sym,val) -> sym <- val);
          if R.?use then R.use R;
          R)
     ---------------------------------
     -- code for method: use(Thing)
     function identity: source code not available

i5 : 
