-- -*- M2-comint -*- hash: -1481653983

i1 : disassemble res

o1 = (function restargs: true numparms: 1 framesize: 1 frameID: 199 (adjacent
     (global-fetch 346) (sequence (fetch 1 1) (adjacent (global-fetch 300)
     (sequence (fetch 0 1) (fetch 0 0))))))

i2 : load "Macaulay2Doc/demo1.m2"

i3 : code g

o3 = ../../macaulay2-20230205-25510-hsiem6/M2-release-1.21/M2/Macaulay2/packages/Macaulay2Doc/demo1.m2:11:7-14:8: --source code:
     g = y -> (
          c := f(y-1);
          d := f(y-2);
          c+d)

i4 : g 2
../../macaulay2-20230205-25510-hsiem6/M2-release-1.21/M2/Macaulay2/packages/Macaulay2Doc/demo1.m2:8:12:(3):[2]: error: division by zero
../../macaulay2-20230205-25510-hsiem6/M2-release-1.21/M2/Macaulay2/packages/Macaulay2Doc/demo1.m2:8:12:(3):[2]: --entering debugger (type help to see debugger commands)
../../macaulay2-20230205-25510-hsiem6/M2-release-1.21/M2/Macaulay2/packages/Macaulay2Doc/demo1.m2:8:11-8:13: --source code:
     b := 1/x;

ii5 : code current

oo5 = ../../macaulay2-20230205-25510-hsiem6/M2-release-1.21/M2/Macaulay2/
           b := 1/x;
      -----------------------------------------------------------------------
      packages/Macaulay2Doc/demo1.m2:8:11-8:13: --source code:

ii6 : disassemble current

oo6 = (2-OP / 1 (fetch 0 0))

ii7 : 
../../macaulay2-20230205-25510-hsiem6/M2-release-1.21/M2/Macaulay2/packages/Macaulay2Doc/demo1.m2:13:11:(3):[1]: --entering debugger (type help to see debugger commands)
../../macaulay2-20230205-25510-hsiem6/M2-release-1.21/M2/Macaulay2/packages/Macaulay2Doc/demo1.m2:13:11-13:15: --source code:
     d := f(y-2);

ii8 : 

i9 : 
