-- -*- M2-comint -*- hash: -1601855816

i1 : join( {1,2,3}, (4,5,6), (7,8,9) )

o1 = {1, 2, 3, 4, 5, 6, 7, 8, 9}

o1 : List

i2 : join( (1,2,3), {4,5,6}, {7}, (8,9,10) )

o2 = (1, 2, 3, 4, 5, 6, 7, 8, 9, 10)

o2 : Sequence

i3 : {1,2,3} | {4,5,6}

o3 = {1, 2, 3, 4, 5, 6}

o3 : List

i4 : (1,2,3) | (4,5,6)

o4 = (1, 2, 3, 4, 5, 6)

o4 : Sequence

i5 : join({1, 2, 3}, iterator {4, 5, 6})

o5 = {1, 2, 3, 4, 5, 6}

o5 : List

i6 : join(iterator {1, 2, 3}, {4, 5, 6})

o6 = iterator (iterator {1, 2, 3}, {4, 5, 6})

o6 : Iterator

i7 : toList oo

o7 = {1, 2, 3, 4, 5, 6}

o7 : List

i8 : 
