-- -*- M2-comint -*- hash: -1287896424

i1 : mingle {{a1, a2, a3}, {b1, b2, b3}, {c1, c2, c3}}

o1 = {a1, b1, c1, a2, b2, c2, a3, b3, c3}

o1 : List

i2 : mingle {{a1, a2, a3, a4}, {b1, b2}, {c1}}

o2 = {a1, b1, c1, a2, b2, a3, a4}

o2 : List

i3 : pack(3, mingle ((a1, a2, a3), (b1, b2, b3), (c1, c2, c3)))

o3 = {{a1, b1, c1}, {a2, b2, c2}, {a3, b3, c3}}

o3 : List

i4 : concatenate mingle( {"a","b","c"} , {",",","} )

o4 = a,b,c

i5 : netList pack(3, mingle( (0..5), apply(6, i -> i^2), apply(6, i -> i^3)))

     +-+--+---+
o5 = |0|0 |0  |
     +-+--+---+
     |1|1 |1  |
     +-+--+---+
     |2|4 |8  |
     +-+--+---+
     |3|9 |27 |
     +-+--+---+
     |4|16|64 |
     +-+--+---+
     |5|25|125|
     +-+--+---+

i6 : 
