-- -*- M2-comint -*- hash: 1378027797

i1 : QQ[x,y,z, Degrees => {2:1, 2}]

o1 = QQ[x..z]

o1 : PolynomialRing

i2 : degrees oo

o2 = {{1}, {1}, {2}}

o2 : List

i3 : QQ[x,y, Degrees => {{1,0}, {0,1}}]

o3 = QQ[x..y]

o3 : PolynomialRing

i4 : degrees oo

o4 = {{1, 0}, {0, 1}}

o4 : List

i5 : QQ[a..f, DegreeRank => 3]

o5 = QQ[a..f]

o5 : PolynomialRing

i6 : transpose matrix degrees oo

o6 = | 1 0 0 0 0 0 |
     | 0 1 0 0 0 0 |
     | 0 0 1 1 1 1 |

              3        6
o6 : Matrix ZZ  <--- ZZ

i7 : 
