-- -*- M2-comint -*- hash: -385424535

i1 : subsets(3)

o1 = {{}, {0}, {1}, {0, 1}, {2}, {0, 2}, {1, 2}, {0, 1, 2}}

o1 : List

i2 : subsets(5, 3)

o2 = {{0, 1, 2}, {0, 1, 3}, {0, 2, 3}, {1, 2, 3}, {0, 1, 4}, {0, 2, 4}, {1,
     ------------------------------------------------------------------------
     2, 4}, {0, 3, 4}, {1, 3, 4}, {2, 3, 4}}

o2 : List

i3 : subsets({"apple", "banana", {1,2,3}, 7.1}, 3)

o3 = {{apple, banana, {1, 2, 3}}, {apple, banana, 7.1}, {apple, {1, 2, 3},
     ------------------------------------------------------------------------
     7.1}, {banana, {1, 2, 3}, 7.1}}

o3 : List

i4 : subsets({"apple", "apple", "banana"})

o4 = {{}, {apple}, {apple}, {apple, apple}, {banana}, {apple, banana},
     ------------------------------------------------------------------------
     {apple, banana}, {apple, apple, banana}}

o4 : List

i5 : subsets(set{"apple", "apple", "banana"})

o5 = {set {}, set {banana}, set {apple}, set {apple, banana}}

o5 : List

i6 : 
