-- -*- M2-comint -*- hash: 37302835

i1 : str = " 1   0   0   0   0   1   2   1   0  -2   0  -2
             0   1   0   0   0   0  -2  -1   1   2  -1   0
             0   0   1   0   0  -1   0  -1  -1   1  -1   1
             0   0   0   1  -1   0   1   1  -1   0   1  -2
             "

o1 =  1   0   0   0   0   1   2   1   0  -2   0  -2
             0   1   0   0   0   0  -2  -1   1   2  -1   0
             0   0   1   0   0  -1   0  -1  -1   1  -1   1
             0   0   0   1  -1   0   1   1  -1   0   1  -2
             

i2 : A = matrixFromString str

o2 = | 1 0 0 0 0  1  2  1  0  -2 0  -2 |
     | 0 1 0 0 0  0  -2 -1 1  2  -1 0  |
     | 0 0 1 0 0  -1 0  -1 -1 1  -1 1  |
     | 0 0 0 1 -1 0  1  1  -1 0  1  -2 |

              4        12
o2 : Matrix ZZ  <--- ZZ

i3 : str = "[[1, -1, -1, 1, -1, -1, -1, 1, 1, 0], [0, 1, 0, -1, 1, 0, 0, -1, -1, 0],
       [-1, 0, 0, 0, 1, 1, 0, 0, 0, 0], [2, 0, 0, 1, -1, -1, -1, -1, 0, 0]]"

o3 = [[1, -1, -1, 1, -1, -1, -1, 1, 1, 0], [0, 1, 0, -1, 1, 0, 0, -1, -1, 0],
       [-1, 0, 0, 0, 1, 1, 0, 0, 0, 0], [2, 0, 0, 1, -1, -1, -1, -1, 0, 0]]

i4 : matrixFromString str

o4 = | 1  -1 -1 1  -1 -1 -1 1  1  0 |
     | 0  1  0  -1 1  0  0  -1 -1 0 |
     | -1 0  0  0  1  1  0  0  0  0 |
     | 2  0  0  1  -1 -1 -1 -1 0  0 |

              4        10
o4 : Matrix ZZ  <--- ZZ

i5 : str = "
      [
       [1, -1, -1, 1, -1, -1, -1, 1, 1, 0],
       [0, 1, 0, -1, 1, 0, 0, -1, -1, 0],
       [-1, 0, 0, 0, 1, 1, 0, 0, 0, 0],
       [2, 0, 0, 1, -1, -1, -1, -1, 0, 0]
       ]
      "

o5 = 
      [
       [1, -1, -1, 1, -1, -1, -1, 1, 1, 0],
       [0, 1, 0, -1, 1, 0, 0, -1, -1, 0],
       [-1, 0, 0, 0, 1, 1, 0, 0, 0, 0],
       [2, 0, 0, 1, -1, -1, -1, -1, 0, 0]
       ]
      

i6 : matrixFromString str

o6 = | 1  -1 -1 1  -1 -1 -1 1  1  0 |
     | 0  1  0  -1 1  0  0  -1 -1 0 |
     | -1 0  0  0  1  1  0  0  0  0 |
     | 2  0  0  1  -1 -1 -1 -1 0  0 |

              4        10
o6 : Matrix ZZ  <--- ZZ

i7 : 
