-- -*- M2-comint -*- hash: -685551249

i1 : e = KSEntry "4 5  M:53 5 N:9 5 H:3,43 [-80] id:0
       1   0   2   4 -10
       0   1   3   5  -9
       0   0   4   0  -4
       0   0   0   8  -8
       ";

i2 : A = matrix e

o2 = | 1 0 2 4 -10 |
     | 0 1 3 5 -9  |
     | 0 0 4 0 -4  |
     | 0 0 0 8 -8  |

              4        5
o2 : Matrix ZZ  <--- ZZ

i3 : topes = kreuzerSkarke(300, Limit=>3)
using offline data file: ks300-n20.txt

o3 = {4 9  M:26 9 N:415 10 H:300,14 [572] id:0     , 4 9  M:27 9 N:411
          1    0    0   -7    0  -23   -1   -3   -7      1    0    0  
          0    1    0   -4    0  -15   -1   -2   -5      0    1    0  
          0    0    1   -2    0   -6    0   -1   -2      0    0    1  
          0    0    0    0    1   -1    1    1    1      0    0    0  
     ------------------------------------------------------------------------
     9 H:300,14 [572] id:1      , 4 6  M:26 6 N:416 7 H:300,18 [564] id:2}
     -3    0  -23   -1   -3   -7      1    0    0  -21    0  -23
     -1    0  -15   -1   -2   -5      0    1    0  -14    0  -15
     -1    0   -6    0   -1   -2      0    0    1   -6    0   -6
      0    1   -1    1    1    1      0    0    0    0    1   -1

o3 : List

i4 : netList topes

     +---------------------------------------------+
o4 = |4 9  M:26 9 N:415 10 H:300,14 [572] id:0     |
     |    1    0    0   -7    0  -23   -1   -3   -7|
     |    0    1    0   -4    0  -15   -1   -2   -5|
     |    0    0    1   -2    0   -6    0   -1   -2|
     |    0    0    0    0    1   -1    1    1    1|
     +---------------------------------------------+
     |4 9  M:27 9 N:411 9 H:300,14 [572] id:1      |
     |    1    0    0   -3    0  -23   -1   -3   -7|
     |    0    1    0   -1    0  -15   -1   -2   -5|
     |    0    0    1   -1    0   -6    0   -1   -2|
     |    0    0    0    0    1   -1    1    1    1|
     +---------------------------------------------+
     |4 6  M:26 6 N:416 7 H:300,18 [564] id:2      |
     |    1    0    0  -21    0  -23               |
     |    0    1    0  -14    0  -15               |
     |    0    0    1   -6    0   -6               |
     |    0    0    0    0    1   -1               |
     +---------------------------------------------+

i5 : topes/matrix

o5 = {| 1 0 0 -7 0 -23 -1 -3 -7 |, | 1 0 0 -3 0 -23 -1 -3 -7 |, | 1 0 0 -21 0
      | 0 1 0 -4 0 -15 -1 -2 -5 |  | 0 1 0 -1 0 -15 -1 -2 -5 |  | 0 1 0 -14 0
      | 0 0 1 -2 0 -6  0  -1 -2 |  | 0 0 1 -1 0 -6  0  -1 -2 |  | 0 0 1 -6  0
      | 0 0 0 0  1 -1  1  1  1  |  | 0 0 0 0  1 -1  1  1  1  |  | 0 0 0 0   1
     ------------------------------------------------------------------------
     -23 |}
     -15 |
     -6  |
     -1  |

o5 : List

i6 : 
