-- -*- M2-comint -*- hash: -1097023485

i1 : A = typeA(3)

o1 = {x  - x , x  - x , x  - x , x  - x , x  - x , x  - x }
       1    2   1    3   1    4   2    3   2    4   3    4

o1 : Hyperplane Arrangement 

i2 : I = orlikSolomon(A,e)

o2 = ideal (e e  - e e  + e e , e e  - e e  + e e , e e  - e e  + e e , e e 
             4 5    4 6    5 6   2 3    2 6    3 6   1 3    1 5    3 5   1 2
     ------------------------------------------------------------------------
     - e e  + e e )
        1 4    2 4

o2 : Ideal of QQ[e ..e ]
                  1   6

i3 : reduceHilbert hilbertSeries I

                 2     3
     1 + 6T + 11T  + 6T
o3 = -------------------
              1

o3 : Expression of class Divide

i4 : characteristicPolynomial matroid A

      3     2
o4 = x  - 6x  + 11x - 6

o4 : ZZ[x]

i5 : I' = orlikSolomon(A,Projective=>true,HypAtInfinity=>2)

o5 = ideal (e e  - e e  + e e , e e  - e e  + e e , e e  - e e  + e e , e e 
             4 5    4 6    5 6   2 3    2 6    3 6   1 3    1 5    3 5   1 2
     ------------------------------------------------------------------------
     - e e  + e e , e )
        1 4    2 4   3

o5 : Ideal of QQ[e ..e ]
                  1   6

i6 : reduceHilbert hilbertSeries I'

                2
     1 + 5T + 6T
o6 = ------------
           1

o6 : Expression of class Divide

i7 : 
