-- -*- M2-comint -*- hash: -1546945421

i1 : P=randZPoly(5,3)

o1 = P

o1 : Polyhedron

i2 : vertices P

o2 = | -265 -865 -904 -740 -927 |
     | -802 -224 113  585  167  |
     | -536 -448 -412 330  334  |

              3        5
o2 : Matrix QQ  <--- QQ

i3 : P=randZPoly(5,3,5)

o3 = P

o3 : Polyhedron

i4 : vertices P

o4 = | 3297   61657  62920  -64604 -92414 |
     | -49728 -20276 -40785 45628  14550  |
     | -86696 -76074 -66164 -61192 35327  |

              3        5
o4 : Matrix QQ  <--- QQ

i5 : 
     
