-- -*- M2-comint -*- hash: 1001463313

i1 : (options regularInCodimension)#PointOptions

o1 = {Strategy => Default, Homogeneous => false, Replacement => Binomial,
     ------------------------------------------------------------------------
     ExtendField => true, PointCheckAttempts => 0, DecompositionStrategy =>
     ------------------------------------------------------------------------
     Decompose, NumThreadsToUse => 1, DimensionFunction => dim, Verbose =>
     ------------------------------------------------------------------------
     false}

o1 : List

i2 : options findANonZeroMinor

o2 = OptionTable{DecompositionStrategy => null}
                 DimensionFunction => dim
                 ExtendField => true
                 Homogeneous => false
                 MinorPointAttempts => 5
                 NumThreadsToUse => 1
                 PointCheckAttempts => 0
                 Replacement => Binomial
                 Strategy => Default
                 Verbose => false

o2 : OptionTable

i3 : 
