-- -*- M2-comint -*- hash: 546794715

i1 : d = 3, m = 2

o1 = (3, 2)

o1 : Sequence

i2 : W = sl2EquivariantVectorBundle(d,m)

o2 = cokernel {4} | 0    x_3   0     x_2  |
              {4} | x_1  0     x_0   0    |
              {4} | -x_2 x_0   0     0    |
              {4} | x_3  -3x_1 -3x_2 x_0  |
              {4} | 0    0     x_3   -x_1 |

                                                                       5
o2 : coherent sheaf on Proj(QQ[x ..x ]), quotient of OO                 (-4)
                                0   3                  Proj(QQ[x ..x ])
                                                                0   3

i3 : d = 3, m = 2

o3 = (3, 2)

o3 : Sequence

i4 : W = sl2EquivariantVectorBundle(d,m,CoefficientRing=>ZZ/10007)

o4 = cokernel {4} | 0       3336x_3 0       x_2  |
              {4} | x_1     0       x_0     0    |
              {4} | -x_2    x_0     0       0    |
              {4} | 3336x_3 -x_1    -x_2    x_0  |
              {4} | 0       0       3336x_3 -x_1 |

                              ZZ                                             5
o4 : coherent sheaf on Proj(-----[x ..x ]), quotient of OO                    (-4)
                            10007  0   3                         ZZ
                                                          Proj(-----[x ..x ])
                                                               10007  0   3

i5 : R = QQ[y_0..y_3];

i6 : m = 2

o6 = 2

i7 : W = sl2EquivariantVectorBundle(R,m)

o7 = cokernel {4} | 0    y_3   0     y_2  |
              {4} | y_1  0     y_0   0    |
              {4} | -y_2 y_0   0     0    |
              {4} | y_3  -3y_1 -3y_2 y_0  |
              {4} | 0    0     y_3   -y_1 |

                                                   5
o7 : coherent sheaf on Proj R, quotient of OO       (-4)
                                             Proj R

i8 : 
