-- -*- M2-comint -*- hash: -850059540

i1 : R = QQ[vars(0..8)]

o1 = R

o1 : PolynomialRing

i2 : M = genericMatrix(R,a,3,3)

o2 = | a d g |
     | b e h |
     | c f i |

             3       3
o2 : Matrix R  <--- R

i3 : ryser M

o3 = c*e*g + b*f*g + c*d*h + a*f*h + b*d*i + a*e*i

o3 : R

i4 : R = QQ[vars(0..15)]

o4 = R

o4 : PolynomialRing

i5 : M = genericMatrix(R,a,4,4)

o5 = | a e i m |
     | b f j n |
     | c g k o |
     | d h l p |

             4       4
o5 : Matrix R  <--- R

i6 : ryser M

o6 = d*g*j*m + c*h*j*m + d*f*k*m + b*h*k*m + c*f*l*m + b*g*l*m + d*g*i*n +
     ------------------------------------------------------------------------
     c*h*i*n + d*e*k*n + a*h*k*n + c*e*l*n + a*g*l*n + d*f*i*o + b*h*i*o +
     ------------------------------------------------------------------------
     d*e*j*o + a*h*j*o + b*e*l*o + a*f*l*o + c*f*i*p + b*g*i*p + c*e*j*p +
     ------------------------------------------------------------------------
     a*g*j*p + b*e*k*p + a*f*k*p

o6 : R

i7 : M=matrix{{1,2,3},{4,5,6},{7,8,9}}

o7 = | 1 2 3 |
     | 4 5 6 |
     | 7 8 9 |

              3        3
o7 : Matrix ZZ  <--- ZZ

i8 : ryser M

o8 = 450

i9 : 
