-- -*- M2-comint -*- hash: -1746438873

i1 : Q = bipartiteQuiver(2, 3)

o1 = ToricQuiver{flow => {1, 1, 1, 1, 1, 1}                            }
                 IncidenceMatrix => | -1 -1 -1 0  0  0  |
                                    | 0  0  0  -1 -1 -1 |
                                    | 1  0  0  1  0  0  |
                                    | 0  1  0  0  1  0  |
                                    | 0  0  1  0  0  1  |
                 Q0 => {0, 1, 2, 3, 4}
                 Q1 => {{0, 2}, {0, 3}, {0, 4}, {1, 2}, {1, 3}, {1, 4}}
                 weights => {-3, -3, 2, 2, 2}

o1 : ToricQuiver

i2 : Q^{0,1,3}

o2 = ToricQuiver{flow => {1, 1, 0, 1, 0, 0}                            }
                 IncidenceMatrix => | -1 -1 -1 0  0  0  |
                                    | 0  0  0  -1 -1 -1 |
                                    | 1  0  0  1  0  0  |
                                    | 0  1  0  0  1  0  |
                                    | 0  0  1  0  0  1  |
                 Q0 => {0, 1, 2, 3, 4}
                 Q1 => {{0, 2}, {0, 3}, {0, 4}, {1, 2}, {1, 3}, {1, 4}}
                 weights => {-2, -1, 2, 1, 0}

o2 : ToricQuiver

i3 : 
