-- -*- M2-comint -*- hash: -2079503247

i1 : S=QQ[x_1..x_12]

o1 = S

o1 : PolynomialRing

i2 : corners={{4,2},{3,4},{2,5}}

o2 = {{4, 2}, {3, 4}, {2, 5}}

o2 : List

i3 : a={1,2,1}

o3 = {1, 2, 1}

o3 : List

i4 : l=tExtremalBettiMonomials(S,corners,a,2)

o4 = {x x , x x x x  , x x x x  , x x x x x  }
       1 7   2 4 6 10   2 4 7 10   2 5 7 9 11

o4 : List

i5 : I=tStronglyStableIdeal(ideal l,2)

o5 = ideal (x x , x x , x x , x x , x x , x x x x , x x x x , x x x x  ,
             1 3   1 4   1 5   1 6   1 7   2 4 6 8   2 4 6 9   2 4 6 10 
     ------------------------------------------------------------------------
     x x x x , x x x x  , x x x x x  )
      2 4 7 9   2 4 7 10   2 5 7 9 11

o5 : Ideal of S

i6 : minimalBettiNumbersIdeal I

             0  1  2 3 4
o6 = total: 11 23 19 7 1
         2:  5 10 10 5 1
         3:  .  .  . . .
         4:  5 11  8 2 .
         5:  1  2  1 . .

o6 : BettiTally

i7 : 
