-- -*- M2-comint -*- hash: -521343614

i1 : S=QQ[x_1..x_14]

o1 = S

o1 : PolynomialRing

i2 : u=x_2*x_6*x_10

o2 = x x x
      2 6 10

o2 : S

i3 : tShadow(u,3)

o3 = {x x x  x  , x x x  x  }
       2 6 10 13   2 6 10 14

o3 : List

i4 : tShadow(u,4)

o4 = {x x x  x  }
       2 6 10 14

o4 : List

i5 : l={x_3*x_6*x_10, x_1*x_5*x_9}

o5 = {x x x  , x x x }
       3 6 10   1 5 9

o5 : List

i6 : tShadow(l,3)

o6 = {x x x x  , x x x x  , x x x x  , x x x  x  , x x x  x  }
       1 5 9 12   1 5 9 13   1 5 9 14   3 6 10 13   3 6 10 14

o6 : List

i7 : tShadow(l,4)

o7 = {x x x x  , x x x x  }
       1 5 9 13   1 5 9 14

o7 : List

i8 : 
