-- -*- M2-comint -*- hash: 624577657

i1 : A={{1,3,9},{2,6,5},{4,12,10}}

o1 = {{1, 3, 9}, {2, 6, 5}, {4, 12, 10}}

o1 : List

i2 : R=(ZZ/13)[x]

o2 = R

o2 : PolynomialRing

i3 : g=x^3

      3
o3 = x

o3 : R

i4 : locallyRecoverableCode({13,9,4,2},A,g)

                                        9
o4 = LinearCode{AmbientModule => (GF 13)                                                                                                                                                    }
                BaseField => GF 13
                cache => CacheTable{}
                Code => image | 1 1  1  1  |
                              | 1 1  3  3  |
                              | 1 1  -4 -4 |
                              | 1 -5 2  3  |
                              | 1 -5 6  -4 |
                              | 1 -5 5  1  |
                              | 1 -1 4  -4 |
                              | 1 -1 -1 1  |
                              | 1 -1 -3 3  |
                GeneratorMatrix => | 1 1 1  1  1  1  1  1  1  |
                                   | 1 1 1  -5 -5 -5 -1 -1 -1 |
                                   | 1 3 -4 2  6  5  4  -1 -3 |
                                   | 1 3 -4 3  -4 1  -4 1  3  |
                Generators => {{1, 1, 1, 1, 1, 1, 1, 1, 1}, {1, 1, 1, -5, -5, -5, -1, -1, -1}, {1, 3, -4, 2, 6, 5, 4, -1, -3}, {1, 3, -4, 3, -4, 1, -4, 1, 3}}
                ParityCheckMatrix => | 1 0 0 0 -2 -4 0 -3 -5 |
                                     | 0 1 0 0 -1 -5 0 2  3  |
                                     | 0 0 1 0 2  5  0 4  1  |
                                     | 0 0 0 1 3  -4 0 0  0  |
                                     | 0 0 0 0 0  0  1 3  -4 |
                ParityCheckRows => {{1, 0, 0, 0, -2, -4, 0, -3, -5}, {0, 1, 0, 0, -1, -5, 0, 2, 3}, {0, 0, 1, 0, 2, 5, 0, 4, 1}, {0, 0, 0, 1, 3, -4, 0, 0, 0}, {0, 0, 0, 0, 0, 0, 1, 3, -4}}

o4 : LinearCode

i5 : 
