-- -*- M2-comint -*- hash: 996277553

i1 : C = hammingCode(2,3);

i2 : msg = matrix {{1,0,1,0}};

              1        4
o2 : Matrix ZZ  <--- ZZ

i3 : v = msg*(C.GeneratorMatrix);

                  1            7
o3 : Matrix (GF 2)  <--- (GF 2)

i4 : err = matrix take(random entries basis source v, 1);

                  1            7
o4 : Matrix (GF 2)  <--- (GF 2)

i5 : received = (transpose (v+err));

                  7            1
o5 : Matrix (GF 2)  <--- (GF 2)

i6 : syndromeDecode(C, received, 3);

                  7            1
o6 : Matrix (GF 2)  <--- (GF 2)

i7 : C.cache#"syndromeLUT"

o7 = HashTable{0 => 0        }
               | 0 | => | 0 |
               | 0 |    | 0 |
               | 1 |    | 0 |
                        | 0 |
                        | 0 |
                        | 0 |
                        | 1 |
               | 0 | => | 0 |
               | 1 |    | 0 |
               | 0 |    | 0 |
                        | 0 |
                        | 0 |
                        | 1 |
                        | 0 |
               | 0 | => | 0 |
               | 1 |    | 0 |
               | 1 |    | 0 |
                        | 0 |
                        | 1 |
                        | 0 |
                        | 0 |
               | 1 | => | 0 |
               | 0 |    | 0 |
               | 0 |    | 1 |
                        | 0 |
                        | 0 |
                        | 0 |
                        | 0 |
               | 1 | => | 1 |
               | 0 |    | 0 |
               | 1 |    | 0 |
                        | 0 |
                        | 0 |
                        | 0 |
                        | 0 |
               | 1 | => | 0 |
               | 1 |    | 1 |
               | 0 |    | 0 |
                        | 0 |
                        | 0 |
                        | 0 |
                        | 0 |
               | 1 | => | 0 |
               | 1 |    | 0 |
               | 1 |    | 0 |
                        | 1 |
                        | 0 |
                        | 0 |
                        | 0 |

o7 : HashTable

i8 : 
