-- -*- M2-comint -*- hash: -1885525224

i1 : F = GF(2,3);

i2 : n=7;

i3 : C=universeCode(F,n)

                                  7
o3 = LinearCode{AmbientModule => F                                                                                                                                                             }
                BaseField => F
                cache => CacheTable{}
                GeneratorMatrix => | 1 0 0 0 0 0 0 |
                                   | 0 1 0 0 0 0 0 |
                                   | 0 0 1 0 0 0 0 |
                                   | 0 0 0 1 0 0 0 |
                                   | 0 0 0 0 1 0 0 |
                                   | 0 0 0 0 0 1 0 |
                                   | 0 0 0 0 0 0 1 |
                Generators => {{1, 0, 0, 0, 0, 0, 0}, {0, 1, 0, 0, 0, 0, 0}, {0, 0, 1, 0, 0, 0, 0}, {0, 0, 0, 1, 0, 0, 0}, {0, 0, 0, 0, 1, 0, 0}, {0, 0, 0, 0, 0, 1, 0}, {0, 0, 0, 0, 0, 0, 1}}
                ParityCheckMatrix => 0
                ParityCheckRows => {{}}

o3 : LinearCode

i4 : C.ParityCheckMatrix

o4 = 0

              1        7
o4 : Matrix ZZ  <--- ZZ

i5 : 
