-- -*- M2-comint -*- hash: -475142395

i1 : graph ({{a,{b,c,d,e}}, {b,{d,e}}, {e,{a}}},EntryMode=>"neighbors")

o1 = Graph{a => {e, b, c, d}}
           b => {e, a, d}
           c => {a}
           d => {a, b}
           e => {a, b}

o1 : Graph

i2 : graph ({{a,{b,c,d,e}}, {b,{d,e}}, {e,{a}}},EntryMode=>"auto")

o2 = Graph{a => {e, b, c, d}}
           b => {e, a, d}
           c => {a}
           d => {a, b}
           e => {a, b}

o2 : Graph

i3 : graph ({{a,b}, {b,d}, {c,d},EntryMode=>"edges"})

o3 = Graph{a => {b}            }
           b => {a, d}
           c => {d}
           d => {b, c}
           edges => {EntryMode}
           EntryMode => {edges}

o3 : Graph

i4 : graph ({{a,b}, {b,d}, {c,d},EntryMode=>"auto"})

o4 = Graph{a => {b}           }
           auto => {EntryMode}
           b => {a, d}
           c => {d}
           d => {b, c}
           EntryMode => {auto}

o4 : Graph

i5 : 
