-- -*- M2-comint -*- hash: -2037765675

i1 : G = mixedGraph(graph{{3,1}},digraph {{1,2},{2,3}},bigraph {{3,4},{2,4}})

o1 = MixedGraph{Bigraph => Bigraph{2 => {4}   }}
                                   3 => {4}
                                   4 => {3, 2}
                Digraph => Digraph{1 => {2}}
                                   2 => {3}
                                   3 => {}
                Graph => Graph{1 => {3}}
                               3 => {1}

o1 : MixedGraph

i2 : net G

o2 = MixedGraph{Bigraph => Bigraph{2 => {4}   }}
                                   3 => {4}
                                   4 => {3, 2}
                Digraph => Digraph{1 => {2}}
                                   2 => {3}
                                   3 => {}
                Graph => Graph{1 => {3}}
                               3 => {1}

i3 : 
