-- -*- M2-comint -*- hash: 1283042144

i1 : G = mixedGraph(graph{{3,1}},digraph {{1,2},{2,3}},bigraph {{3,4},{2,4}})

o1 = MixedGraph{Bigraph => Bigraph{2 => {4}   }}
                                   3 => {4}
                                   4 => {3, 2}
                Digraph => Digraph{1 => {2}}
                                   2 => {3}
                                   3 => {}
                Graph => Graph{1 => {3}}
                               3 => {1}

o1 : MixedGraph

i2 : parents (G,1)

o2 = set {}

o2 : Set

i3 : parents (G,2)

o3 = set {1}

o3 : Set

i4 : parents (G,3)

o4 = set {2}

o4 : Set

i5 : 
