-- -*- M2-comint -*- hash: 56797209

i1 : G= mixedGraph(graph{{a,b},{b,c}},digraph {{a,d},{c,e},{f,g}},bigraph {{d,e}})

o1 = MixedGraph{Bigraph => Bigraph{d => {e}}}
                                   e => {d}
                Digraph => Digraph{a => {d}}
                                   c => {e}
                                   d => {}
                                   e => {}
                                   f => {g}
                                   g => {}
                Graph => Graph{a => {b}   }
                               b => {a, c}
                               c => {b}

o1 : MixedGraph

i2 : undirectedGraph G

o2 = Graph{a => {b}   }
           b => {a, c}
           c => {b}

o2 : Graph

i3 : 
