-- -*- M2-comint -*- hash: 1921651106

i1 : P = hypercube 3

o1 = {ambient dimension => 3           }
      dimension of lineality space => 0
      dimension of polyhedron => 3
      number of facets => 6
      number of rays => 0
      number of vertices => 8

o1 : Polyhedron

i2 : Q = convexHull matrix {{1,1,-1,-1},{1,-1,1,-1},{1,1,1,1}}

o2 = {ambient dimension => 3           }
      dimension of lineality space => 0
      dimension of polyhedron => 2
      number of facets => 4
      number of rays => 0
      number of vertices => 4

o2 : Polyhedron

i3 : v = objectiveVector(P,Q)

o3 = | 0 |
     | 0 |
     | 1 |

              3        1
o3 : Matrix ZZ  <--- ZZ

i4 : Q == maxFace(v,P)

o4 = true

i5 : 
