-- -*- M2-comint -*- hash: 300367092

i1 : X = normalDistribution(30, 5)

o1 = N(30,5)

o1 : ContinuousProbabilityDistribution

i2 : density_X 25

o2 = .0483941449038287

o2 : RR (of precision 53)

i3 : probability_X 35

o3 = .841344746068543

o3 : RR (of precision 53)

i4 : quantile_X 0.75

o4 = 33.3724487509804

o4 : RR (of precision 53)

i5 : random X

o5 = 28.8971809640044

o5 : RR (of precision 53)

i6 : Z = normalDistribution()

o6 = N(0,1)

o6 : ContinuousProbabilityDistribution

i7 : quantile_Z 0.975

o7 = 1.95996398454006

o7 : RR (of precision 53)

i8 : 
