-- -*- M2-comint -*- hash: -1861360119

i1 : R=QQ[x_0..x_4];

i2 : addCokerGrading(R);

              5        4
o2 : Matrix ZZ  <--- ZZ

i3 : R.grading

o3 = | -1 -1 -1 -1 |
     | 1  0  0  0  |
     | 0  1  0  0  |
     | 0  0  1  0  |
     | 0  0  0  1  |

              5        4
o3 : Matrix ZZ  <--- ZZ

i4 : R=QQ[x_0..x_4];

i5 : addCokerGrading(R,{1,1,2,2,3});

              5        4
o5 : Matrix ZZ  <--- ZZ

i6 : R.grading

o6 = | -1 -2 -2 -3 |
     | 1  0  0  0  |
     | 0  1  0  0  |
     | 0  0  1  0  |
     | 0  0  0  1  |

              5        4
o6 : Matrix ZZ  <--- ZZ

i7 : 
