-- -*- M2-comint -*- hash: -813882719

i1 : circ = Circle{Radius=>0.1,"fill"=>"red"}; a = gNode([-1,0],circ,Draggable=>true); b = gNode([1,0.5],circ,Draggable=>true);  c = gNode([1,-0.5],circ,Draggable=>true);

i5 : gList(Polygon{{[-1,0],[1,0.5],[1,-0.5]}},a,b,c)

o5 = GraphicsList{cache => CacheTable{}                                                 }
                  Contents => {Polygon{cache => CacheTable{}                 }, a, b, c}
                                       PointList => {| -1 |, |  1 |, |  1  |}
                                                     |  0 |  | .5 |  | -.5 |
                                                     |  0 |  |  0 |  |  0  |
                                                     |  1 |  |  1 |  |  1  |
                                       style => MutableHashTable{}
                  style => MutableHashTable{}

o5 : GraphicsList

i6 : gList(Polygon{{a,b,c}},a,b,c)

o6 = GraphicsList{cache => CacheTable{}                                      }
                  Contents => {Polygon{cache => CacheTable{}      }, a, b, c}
                                       PointList => {a, b, c}
                                       style => MutableHashTable{}
                  style => MutableHashTable{}

o6 : GraphicsList

i7 : 
